#
# There is insufficient memory for the Java Runtime Environment to continue.
# Native memory allocation (malloc) failed to allocate 109552 bytes for Chunk::new
# Possible reasons:
#   The system is out of physical RAM or swap space
#   In 32 bit mode, the process size limit was hit
# Possible solutions:
#   Reduce memory load on the system
#   Increase physical memory or swap space
#   Check if swap backing store is full
#   Use 64 bit Java on a 64 bit OS
#   Decrease Java heap size (-Xmx/-Xms)
#   Decrease number of Java threads
#   Decrease Java thread stack sizes (-Xss)
#   Set larger code cache with -XX:ReservedCodeCacheSize=
# This output file may be truncated or incomplete.
#
#  Out of Memory Error (allocation.cpp:390), pid=1157080, tid=0x000000000011a8a8
#
# JRE version: OpenJDK Runtime Environment (8.0_152-b01) (build 1.8.0_152-release-915-b01)
# Java VM: OpenJDK 64-Bit Server VM (25.152-b01 mixed mode windows-amd64 compressed oops)
# Failed to write core dump. Minidumps are not enabled by default on client versions of Windows
#

---------------  T H R E A D  ---------------

Current thread (0x00000000131fb000):  JavaThread "C2 CompilerThread0" daemon [_thread_in_native, id=1157288, stack(0x0000000014850000,0x0000000014950000)]

Stack: [0x0000000014850000,0x0000000014950000]
[error occurred during error reporting (printing stack bounds), id 0xc0000005]

Native frames: (J=compiled Java code, j=interpreted, Vv=VM code, C=native code)


Current CompileTask:
C2:   2286  952       4       org.objectweb.asm.MethodVisitor::visitFieldInsn (20 bytes)


---------------  P R O C E S S  ---------------

Java Threads: ( => current thread )
  0x000000001324e000 JavaThread "Service Thread" daemon [_thread_blocked, id=1157348, stack(0x0000000014f50000,0x0000000015050000)]
  0x0000000013248800 JavaThread "C1 CompilerThread2" daemon [_thread_blocked, id=1157324, stack(0x0000000014e50000,0x0000000014f50000)]
  0x00000000131ec000 JavaThread "C2 CompilerThread1" daemon [_thread_in_native, id=1157316, stack(0x0000000014950000,0x0000000014a50000)]
=>0x00000000131fb000 JavaThread "C2 CompilerThread0" daemon [_thread_in_native, id=1157288, stack(0x0000000014850000,0x0000000014950000)]
  0x00000000131f9800 JavaThread "Attach Listener" daemon [_thread_blocked, id=1157284, stack(0x0000000014750000,0x0000000014850000)]
  0x00000000131f8000 JavaThread "Signal Dispatcher" daemon [_thread_blocked, id=1157280, stack(0x0000000014650000,0x0000000014750000)]
  0x00000000131d8800 JavaThread "Finalizer" daemon [_thread_blocked, id=1157228, stack(0x0000000014450000,0x0000000014550000)]
  0x0000000002e24000 JavaThread "Reference Handler" daemon [_thread_blocked, id=1157220, stack(0x0000000014350000,0x0000000014450000)]
  0x0000000002d34800 JavaThread "main" [_thread_in_vm, id=1156820, stack(0x0000000002c30000,0x0000000002d30000)]

Other Threads:
  0x00000000131b6000 VMThread [stack: 0x0000000014250000,0x0000000014350000] [id=1157212]
  0x0000000014a61000 WatcherThread [stack: 0x0000000015050000,0x0000000015150000] [id=1157352]

VM state:not at safepoint (normal execution)

VM Mutex/Monitor currently owned by a thread: None

Heap:
 PSYoungGen      total 18944K, used 5850K [0x00000000feb00000, 0x0000000100000000, 0x0000000100000000)
  eden space 16384K, 20% used [0x00000000feb00000,0x00000000fee382b0,0x00000000ffb00000)
  from space 2560K, 99% used [0x00000000ffd80000,0x00000000ffffe7e0,0x0000000100000000)
  to   space 2560K, 0% used [0x00000000ffb00000,0x00000000ffb00000,0x00000000ffd80000)
 ParOldGen       total 44032K, used 4662K [0x00000000fc000000, 0x00000000feb00000, 0x00000000feb00000)
  object space 44032K, 10% used [0x00000000fc000000,0x00000000fc48d858,0x00000000feb00000)
 Metaspace       used 7569K, capacity 7704K, committed 7936K, reserved 1056768K
  class space    used 873K, capacity 956K, committed 1024K, reserved 1048576K

Card table byte_map: [0x00000000121f0000,0x0000000012220000] byte_map_base: 0x0000000011a10000

Marking Bits: (ParMarkBitMap*) 0x00000000661c3950
 Begin Bits: [0x0000000012620000, 0x0000000012720000)
 End Bits:   [0x0000000012720000, 0x0000000012820000)

Polling page: 0x0000000002bc0000

CodeCache: size=245760Kb used=3704Kb max_used=3715Kb free=242055Kb
 bounds [0x0000000002e30000, 0x00000000031e0000, 0x0000000011e30000]
 total_blobs=1281 nmethods=950 adapters=245
 compilation: enabled

Compilation events (10 events):
Event: 2.249 Thread 0x00000000131fb000 nmethod 947 0x00000000031c8790 code [0x00000000031c88e0, 0x00000000031c8b38]
Event: 2.250 Thread 0x00000000131fb000  948       4       org.objectweb.asm.ByteVector::putInt (74 bytes)
Event: 2.251 Thread 0x00000000131fb000 nmethod 948 0x00000000031c8350 code [0x00000000031c84a0, 0x00000000031c8648]
Event: 2.252 Thread 0x00000000131fb000  949       4       org.objectweb.asm.MethodVisitor::visitVarInsn (17 bytes)
Event: 2.256 Thread 0x00000000131fb000 nmethod 949 0x00000000031c9810 code [0x00000000031c99a0, 0x00000000031c9f98]
Event: 2.257 Thread 0x0000000013248800  950       3       org.objectweb.asm.tree.AnnotationNode::visitEnd (1 bytes)
Event: 2.257 Thread 0x0000000013248800 nmethod 950 0x00000000031be710 code [0x00000000031be860, 0x00000000031be9b0]
Event: 2.257 Thread 0x0000000013248800  951       3       org.objectweb.asm.AnnotationVisitor::<init> (35 bytes)
Event: 2.258 Thread 0x0000000013248800 nmethod 951 0x00000000031c9290 code [0x00000000031c9400, 0x00000000031c9708]
Event: 2.260 Thread 0x00000000131fb000  952       4       org.objectweb.asm.MethodVisitor::visitFieldInsn (20 bytes)

GC Heap History (4 events):
Event: 1.000 GC heap before
{Heap before GC invocations=1 (full 0):
 PSYoungGen      total 18944K, used 16384K [0x00000000feb00000, 0x0000000100000000, 0x0000000100000000)
  eden space 16384K, 100% used [0x00000000feb00000,0x00000000ffb00000,0x00000000ffb00000)
  from space 2560K, 0% used [0x00000000ffd80000,0x00000000ffd80000,0x0000000100000000)
  to   space 2560K, 0% used [0x00000000ffb00000,0x00000000ffb00000,0x00000000ffd80000)
 ParOldGen       total 44032K, used 0K [0x00000000fc000000, 0x00000000feb00000, 0x00000000feb00000)
  object space 44032K, 0% used [0x00000000fc000000,0x00000000fc000000,0x00000000feb00000)
 Metaspace       used 6492K, capacity 6666K, committed 6784K, reserved 1056768K
  class space    used 769K, capacity 823K, committed 896K, reserved 1048576K
Event: 1.003 GC heap after
Heap after GC invocations=1 (full 0):
 PSYoungGen      total 18944K, used 2528K [0x00000000feb00000, 0x0000000100000000, 0x0000000100000000)
  eden space 16384K, 0% used [0x00000000feb00000,0x00000000feb00000,0x00000000ffb00000)
  from space 2560K, 98% used [0x00000000ffb00000,0x00000000ffd78030,0x00000000ffd80000)
  to   space 2560K, 0% used [0x00000000ffd80000,0x00000000ffd80000,0x0000000100000000)
 ParOldGen       total 44032K, used 1730K [0x00000000fc000000, 0x00000000feb00000, 0x00000000feb00000)
  object space 44032K, 3% used [0x00000000fc000000,0x00000000fc1b09f8,0x00000000feb00000)
 Metaspace       used 6492K, capacity 6666K, committed 6784K, reserved 1056768K
  class space    used 769K, capacity 823K, committed 896K, reserved 1048576K
}
Event: 1.977 GC heap before
{Heap before GC invocations=2 (full 0):
 PSYoungGen      total 18944K, used 18892K [0x00000000feb00000, 0x0000000100000000, 0x0000000100000000)
  eden space 16384K, 99% used [0x00000000feb00000,0x00000000ffafb000,0x00000000ffb00000)
  from space 2560K, 98% used [0x00000000ffb00000,0x00000000ffd78030,0x00000000ffd80000)
  to   space 2560K, 0% used [0x00000000ffd80000,0x00000000ffd80000,0x0000000100000000)
 ParOldGen       total 44032K, used 1730K [0x00000000fc000000, 0x00000000feb00000, 0x00000000feb00000)
  object space 44032K, 3% used [0x00000000fc000000,0x00000000fc1b09f8,0x00000000feb00000)
 Metaspace       used 7565K, capacity 7704K, committed 7936K, reserved 1056768K
  class space    used 873K, capacity 956K, committed 1024K, reserved 1048576K
Event: 2.117 GC heap after
Heap after GC invocations=2 (full 0):
 PSYoungGen      total 18944K, used 2553K [0x00000000feb00000, 0x0000000100000000, 0x0000000100000000)
  eden space 16384K, 0% used [0x00000000feb00000,0x00000000feb00000,0x00000000ffb00000)
  from space 2560K, 99% used [0x00000000ffd80000,0x00000000ffffe7e0,0x0000000100000000)
  to   space 2560K, 0% used [0x00000000ffb00000,0x00000000ffb00000,0x00000000ffd80000)
 ParOldGen       total 44032K, used 4662K [0x00000000fc000000, 0x00000000feb00000, 0x00000000feb00000)
  object space 44032K, 10% used [0x00000000fc000000,0x00000000fc48d858,0x00000000feb00000)
 Metaspace       used 7565K, capacity 7704K, committed 7936K, reserved 1056768K
  class space    used 873K, capacity 956K, committed 1024K, reserved 1048576K
}

Deoptimization events (10 events):
Event: 0.929 Thread 0x0000000002d34800 Uncommon trap: reason=unstable_if action=reinterpret pc=0x0000000003041958 method=java.util.zip.ZipEntry.setExtra0([BZ)V @ 1
Event: 0.935 Thread 0x0000000002d34800 Uncommon trap: reason=unstable_if action=reinterpret pc=0x0000000003042948 method=java.util.zip.ZipFile$ZipEntryIterator.hasNext()Z @ 25
Event: 0.935 Thread 0x0000000002d34800 Uncommon trap: reason=unstable_if action=reinterpret pc=0x0000000003050728 method=java.util.zip.ZipCoder.decoder()Ljava/nio/charset/CharsetDecoder; @ 4
Event: 0.981 Thread 0x0000000002d34800 Uncommon trap: reason=unstable_if action=reinterpret pc=0x000000000304ba7c method=java.util.zip.ZipCoder.decoder()Ljava/nio/charset/CharsetDecoder; @ 4
Event: 1.220 Thread 0x0000000002d34800 Uncommon trap: reason=unloaded action=reinterpret pc=0x000000000304d6fc method=java.util.zip.ZipEntry.setExtra0([BZ)V @ 37
Event: 1.359 Thread 0x0000000002d34800 Uncommon trap: reason=unstable_if action=reinterpret pc=0x0000000003024b30 method=java.lang.String.<init>([CII)V @ 18
Event: 1.714 Thread 0x0000000002d34800 Uncommon trap: reason=unstable_if action=reinterpret pc=0x000000000310422c method=org.objectweb.asm.ByteVector.putUTF8(Ljava/lang/String;)Lorg/objectweb/asm/ByteVector; @ 98
Event: 1.932 Thread 0x0000000002d34800 Uncommon trap: reason=unstable_if action=reinterpret pc=0x000000000314f950 method=org.objectweb.asm.Item.a(Lorg/objectweb/asm/Item;)Z @ 186
Event: 1.959 Thread 0x0000000002d34800 Uncommon trap: reason=unstable_if action=reinterpret pc=0x00000000031940ac method=org.objectweb.asm.MethodWriter.visitVarInsn(II)V @ 142
Event: 1.976 Thread 0x0000000002d34800 Uncommon trap: reason=unstable_if action=reinterpret pc=0x00000000031a960c method=org.objectweb.asm.Type.getArgumentsAndReturnSizes(Ljava/lang/String;)I @ 136

Classes redefined (0 events):
No events

Internal exceptions (10 events):
Event: 1.737 Thread 0x0000000002d34800 Exception <a 'sun/nio/fs/WindowsException'> (0x00000000ff6af798) thrown at [D:\src\AOSP-openjdk-cygwin\jdk8u\hotspot\src\share\vm\prims\jni.cpp, line 709]
Event: 1.738 Thread 0x0000000002d34800 Exception <a 'sun/nio/fs/WindowsException'> (0x00000000ff6bc4d8) thrown at [D:\src\AOSP-openjdk-cygwin\jdk8u\hotspot\src\share\vm\prims\jni.cpp, line 709]
Event: 1.740 Thread 0x0000000002d34800 Exception <a 'sun/nio/fs/WindowsException'> (0x00000000ff6d0720) thrown at [D:\src\AOSP-openjdk-cygwin\jdk8u\hotspot\src\share\vm\prims\jni.cpp, line 709]
Event: 1.740 Thread 0x0000000002d34800 Exception <a 'sun/nio/fs/WindowsException'> (0x00000000ff6d0f08) thrown at [D:\src\AOSP-openjdk-cygwin\jdk8u\hotspot\src\share\vm\prims\jni.cpp, line 709]
Event: 1.742 Thread 0x0000000002d34800 Exception <a 'sun/nio/fs/WindowsException'> (0x00000000ff6dd550) thrown at [D:\src\AOSP-openjdk-cygwin\jdk8u\hotspot\src\share\vm\prims\jni.cpp, line 709]
Event: 1.743 Thread 0x0000000002d34800 Exception <a 'sun/nio/fs/WindowsException'> (0x00000000ff6ed4c8) thrown at [D:\src\AOSP-openjdk-cygwin\jdk8u\hotspot\src\share\vm\prims\jni.cpp, line 709]
Event: 1.743 Thread 0x0000000002d34800 Exception <a 'sun/nio/fs/WindowsException'> (0x00000000ff6edcb0) thrown at [D:\src\AOSP-openjdk-cygwin\jdk8u\hotspot\src\share\vm\prims\jni.cpp, line 709]
Event: 1.745 Thread 0x0000000002d34800 Exception <a 'sun/nio/fs/WindowsException'> (0x00000000ff7053c0) thrown at [D:\src\AOSP-openjdk-cygwin\jdk8u\hotspot\src\share\vm\prims\jni.cpp, line 709]
Event: 1.898 Thread 0x0000000002d34800 Exception <a 'sun/nio/fs/WindowsException'> (0x00000000ff706270) thrown at [D:\src\AOSP-openjdk-cygwin\jdk8u\hotspot\src\share\vm\prims\jni.cpp, line 709]
Event: 1.898 Thread 0x0000000002d34800 Exception <a 'sun/nio/fs/WindowsException'> (0x00000000ff706798) thrown at [D:\src\AOSP-openjdk-cygwin\jdk8u\hotspot\src\share\vm\prims\jni.cpp, line 709]

Events (10 events):
Event: 1.932 Thread 0x0000000002d34800 DEOPT PACKING pc=0x000000000314f950 sp=0x0000000002d2ea00
Event: 1.932 Thread 0x0000000002d34800 DEOPT UNPACKING pc=0x0000000002e7556a sp=0x0000000002d2e990 mode 2
Event: 1.959 Thread 0x0000000002d34800 Uncommon trap: trap_request=0xffffff65 fr.pc=0x00000000031940ac
Event: 1.959 Thread 0x0000000002d34800 DEOPT PACKING pc=0x00000000031940ac sp=0x0000000002d2ebe0
Event: 1.959 Thread 0x0000000002d34800 DEOPT UNPACKING pc=0x0000000002e7556a sp=0x0000000002d2eb28 mode 2
Event: 1.976 Thread 0x0000000002d34800 Uncommon trap: trap_request=0xffffff65 fr.pc=0x00000000031a960c
Event: 1.976 Thread 0x0000000002d34800 DEOPT PACKING pc=0x00000000031a960c sp=0x0000000002d2e8d0
Event: 1.976 Thread 0x0000000002d34800 DEOPT UNPACKING pc=0x0000000002e7556a sp=0x0000000002d2e860 mode 2
Event: 1.977 Executing VM operation: ParallelGCFailedAllocation
Event: 2.117 Executing VM operation: ParallelGCFailedAllocation done


Dynamic libraries:
0x00007ff756ef0000 - 0x00007ff756f21000 	C:\Program Files\Android\Android Studio\jre\bin\java.exe
0x00007ff89f790000 - 0x00007ff89f96b000 	C:\WINDOWS\SYSTEM32\ntdll.dll
0x00007ff89d870000 - 0x00007ff89d91e000 	C:\WINDOWS\System32\KERNEL32.DLL
0x00007ff89c560000 - 0x00007ff89c7a9000 	C:\WINDOWS\System32\KERNELBASE.dll
0x00007ff89d4d0000 - 0x00007ff89d571000 	C:\WINDOWS\System32\ADVAPI32.dll
0x00007ff89cd70000 - 0x00007ff89ce0d000 	C:\WINDOWS\System32\msvcrt.dll
0x00007ff89ce70000 - 0x00007ff89cec9000 	C:\WINDOWS\System32\sechost.dll
0x00007ff89ced0000 - 0x00007ff89cff5000 	C:\WINDOWS\System32\RPCRT4.dll
0x00007ff89f290000 - 0x00007ff89f3da000 	C:\WINDOWS\System32\USER32.dll
0x00007ff89c3b0000 - 0x00007ff89c3ce000 	C:\WINDOWS\System32\win32u.dll
0x00007ff89d840000 - 0x00007ff89d867000 	C:\WINDOWS\System32\GDI32.dll
0x00007ff89c3d0000 - 0x00007ff89c557000 	C:\WINDOWS\System32\gdi32full.dll
0x00007ff89caa0000 - 0x00007ff89cb3a000 	C:\WINDOWS\System32\msvcp_win.dll
0x00007ff89cb40000 - 0x00007ff89cc36000 	C:\WINDOWS\System32\ucrtbase.dll
0x00007ff88ac80000 - 0x00007ff88aee7000 	C:\WINDOWS\WinSxS\amd64_microsoft.windows.common-controls_6595b64144ccf1df_6.0.15063.483_none_26002d27e7c744a2\COMCTL32.dll
0x00007ff89f480000 - 0x00007ff89f779000 	C:\WINDOWS\System32\combase.dll
0x00007ff89c7b0000 - 0x00007ff89c81a000 	C:\WINDOWS\System32\bcryptPrimitives.dll
0x00007ff89d310000 - 0x00007ff89d33d000 	C:\WINDOWS\System32\IMM32.DLL
0x000000006a5e0000 - 0x000000006a6b2000 	C:\Program Files\Android\Android Studio\jre\jre\bin\msvcr100.dll
0x0000000065a00000 - 0x000000006623e000 	C:\Program Files\Android\Android Studio\jre\jre\bin\server\jvm.dll
0x00007ff89f780000 - 0x00007ff89f788000 	C:\WINDOWS\System32\PSAPI.DLL
0x00007ff89b640000 - 0x00007ff89b649000 	C:\WINDOWS\SYSTEM32\WSOCK32.dll
0x00007ff89f220000 - 0x00007ff89f28c000 	C:\WINDOWS\System32\WS2_32.dll
0x00007ff895050000 - 0x00007ff895073000 	C:\WINDOWS\SYSTEM32\WINMM.dll
0x00007ff89a0e0000 - 0x00007ff89a0ea000 	C:\WINDOWS\SYSTEM32\VERSION.dll
0x00007ff894ff0000 - 0x00007ff89501b000 	C:\WINDOWS\SYSTEM32\WINMMBASE.dll
0x00007ff89c9f0000 - 0x00007ff89ca39000 	C:\WINDOWS\System32\cfgmgr32.dll
0x00007ff899710000 - 0x00007ff89971f000 	C:\Program Files\Android\Android Studio\jre\jre\bin\verify.dll
0x00007ff894ad0000 - 0x00007ff894af9000 	C:\Program Files\Android\Android Studio\jre\jre\bin\java.dll
0x00007ff896920000 - 0x00007ff896936000 	C:\Program Files\Android\Android Studio\jre\jre\bin\zip.dll
0x00007ff89dde0000 - 0x00007ff89f217000 	C:\WINDOWS\System32\SHELL32.dll
0x00007ff89d0c0000 - 0x00007ff89d16a000 	C:\WINDOWS\System32\shcore.dll
0x00007ff89bcb0000 - 0x00007ff89c3a1000 	C:\WINDOWS\System32\windows.storage.dll
0x00007ff89d7e0000 - 0x00007ff89d831000 	C:\WINDOWS\System32\shlwapi.dll
0x00007ff89bc70000 - 0x00007ff89bc81000 	C:\WINDOWS\System32\kernel.appcore.dll
0x00007ff89bc20000 - 0x00007ff89bc6c000 	C:\WINDOWS\System32\powrprof.dll
0x00007ff89bc00000 - 0x00007ff89bc15000 	C:\WINDOWS\System32\profapi.dll
0x00007ff89b5d0000 - 0x00007ff89b5e7000 	C:\WINDOWS\SYSTEM32\CRYPTSP.dll
0x00007ff89ae00000 - 0x00007ff89ae34000 	C:\WINDOWS\system32\rsaenh.dll
0x00007ff89b5a0000 - 0x00007ff89b5c5000 	C:\WINDOWS\SYSTEM32\bcrypt.dll
0x00007ff89bb30000 - 0x00007ff89bb59000 	C:\WINDOWS\SYSTEM32\USERENV.dll
0x00007ff89b380000 - 0x00007ff89b38b000 	C:\WINDOWS\SYSTEM32\CRYPTBASE.dll
0x00007ff894bc0000 - 0x00007ff894bda000 	C:\Program Files\Android\Android Studio\jre\jre\bin\net.dll
0x00007ff89b1e0000 - 0x00007ff89b23c000 	C:\WINDOWS\system32\mswsock.dll
0x00007ff89af80000 - 0x00007ff89afb7000 	C:\WINDOWS\SYSTEM32\IPHLPAPI.DLL
0x00007ff89ddd0000 - 0x00007ff89ddd8000 	C:\WINDOWS\System32\NSI.dll
0x00007ff897950000 - 0x00007ff897966000 	C:\WINDOWS\SYSTEM32\dhcpcsvc6.DLL
0x00007ff897930000 - 0x00007ff89794a000 	C:\WINDOWS\SYSTEM32\dhcpcsvc.DLL
0x00007ff894190000 - 0x00007ff8941a1000 	C:\Program Files\Android\Android Studio\jre\jre\bin\nio.dll

VM Arguments:
jvm_args: -Djava.awt.headless=true -Xmx64M -Dfile.encoding=windows-1252 -Duser.country=US -Duser.language=en -Duser.variant 
java_command: com.google.devtools.build.android.desugar.Desugar --input E:\ProjectFiles\AndroidStudio\KloudAlc\KloudAlc\app\build\intermediates\transforms\stackFramesFixer\debug\19.jar --output E:\ProjectFiles\AndroidStudio\KloudAlc\KloudAlc\app\build\intermediates\transforms\desugar\debug\22.jar --input E:\ProjectFiles\AndroidStudio\KloudAlc\KloudAlc\app\build\tmp\kotlin-classes\debug --output E:\ProjectFiles\AndroidStudio\KloudAlc\KloudAlc\app\build\intermediates\transforms\desugar\debug\1 --input E:\ProjectFiles\AndroidStudio\KloudAlc\KloudAlc\app\build\intermediates\transforms\stackFramesFixer\debug\9.jar --output E:\ProjectFiles\AndroidStudio\KloudAlc\KloudAlc\app\build\intermediates\transforms\desugar\debug\12.jar --input E:\ProjectFiles\AndroidStudio\KloudAlc\KloudAlc\app\build\intermediates\transforms\stackFramesFixer\debug\2.jar --output E:\ProjectFiles\AndroidStudio\KloudAlc\KloudAlc\app\build\intermediates\transforms\desugar\debug\5.jar --input E:\ProjectFiles\AndroidStudio\KloudAlc\KloudAlc\app\build\intermediates\transforms\stackFramesFixer\debug\16.jar --output E:\ProjectFiles\AndroidStudio\KloudAlc\KloudAlc\app\build\intermediates\transforms\desugar\debug\19.jar --input E:\ProjectFiles\AndroidStudio\KloudAlc\KloudAlc\app\build\intermediates\transforms\stackFramesFixer\debug\1.jar --output E:\ProjectFiles\AndroidStudio\KloudAlc\KloudAlc\app\build\intermediates\transforms\desugar\debug\4.jar --classpath_entry E:\ProjectFiles\AndroidStudio\KloudAlc\KloudAlc\app\build\intermediates\classes\debug --classpath_entry E:\ProjectFiles\AndroidStudio\KloudAlc\KloudAlc\app\build\tmp\kotlin-classes\debug --classpath_entry E:\ProjectFiles\AndroidStudio\KloudAlc\KloudAlc\app\build\tmp\kapt3\classes\debug --classpath_entry E:\ProjectFiles\AndroidStudio\KloudAlc\KloudAlc\app\build\intermediates\transforms\stackFramesFixer\debug\0.jar --classpath_entry E:\ProjectFiles\AndroidStudio\KloudAlc\KloudAlc\app\build\intermediates\transforms\stackFramesFixer\debug\1.jar --cla
java_class_path (initial): C:\Users\Tiitus\AppData\Local\Temp\desugar_deploy.jar6900727583709418673
Launcher Type: SUN_STANDARD

Environment Variables:
CLASSPATH=.;C:\Program Files (x86)\Java\jre1.8.0_65\lib\ext\QTJava.zip
PATH=C:\Python27\;C:\Python27\Scripts;c:\programdata\oracle\java\javapath;c:\windows\system32;c:\windows;c:\windows\system32\wbem;c:\windows\system32\windowspowershell\v1.0\;c:\program files (x86)\livestreamer;c:\program files\common files\autodesk shared\;c:\program files (x86)\autodesk\backburner\;c:\program files\next limit\rfconnect 2015 for maya;c:\program files (x86)\quicktime\qtsystem\;c:\windows\system32;c:\windows;c:\windows\system32\wbem;c:\windows\system32\windowspowershell\v1.0\;d:\git\cmd;c:\program files (x86)\streamlink\bin;c:\programdata\chocolatey\bin;C:\Program Files (x86)\Calibre2\;C:\Users\Tiitus\AppData\Local\Streamlink\bin;C:\Program Files\FileBot\;C:\Users\Tiitus\AppData\Local\Programs\Python\Python36-32\Scripts\;C:\Users\Tiitus\AppData\Local\Programs\Python\Python36-32\;C:\Users\Tiitus\AppData\Local\Microsoft\WindowsApps;C:\Users\Tiitus\AppData\Local\.meteor\;C:\Users\Tiitus\AppData\Local\GitHubDesktop\bin
USERNAME=Tiitus
OS=Windows_NT
PROCESSOR_IDENTIFIER=Intel64 Family 6 Model 58 Stepping 9, GenuineIntel



---------------  S Y S T E M  ---------------

OS: Windows 10.0 , 64 bit Build 15063 (10.0.15063.296)

CPU:total 4 (initial active 4) (4 cores per cpu, 1 threads per core) family 6 model 58 stepping 9, cmov, cx8, fxsr, mmx, sse, sse2, sse3, ssse3, sse4.1, sse4.2, popcnt, avx, aes, clmul, erms, tsc, tscinvbit, tscinv

Memory: 4k page, physical 16661448k(882584k free), swap 21781448k(3532k free)

vm_info: OpenJDK 64-Bit Server VM (25.152-b01) for windows-amd64 JRE (1.8.0_152-release-915-b01), built by "builder" with MS VC++ 10.0 (VS2010)

time: Thu Jan 25 18:11:24 2018
elapsed time: 2 seconds (0d 0h 0m 2s)

