#
# There is insufficient memory for the Java Runtime Environment to continue.
# Native memory allocation (malloc) failed to allocate 32744 bytes for ChunkPool::allocate
# Possible reasons:
#   The system is out of physical RAM or swap space
#   In 32 bit mode, the process size limit was hit
# Possible solutions:
#   Reduce memory load on the system
#   Increase physical memory or swap space
#   Check if swap backing store is full
#   Use 64 bit Java on a 64 bit OS
#   Decrease Java heap size (-Xmx/-Xms)
#   Decrease number of Java threads
#   Decrease Java thread stack sizes (-Xss)
#   Set larger code cache with -XX:ReservedCodeCacheSize=
# This output file may be truncated or incomplete.
#
#  Out of Memory Error (allocation.cpp:273), pid=1087008, tid=0x0000000000109754
#
# JRE version: OpenJDK Runtime Environment (8.0_152-b01) (build 1.8.0_152-release-915-b01)
# Java VM: OpenJDK 64-Bit Server VM (25.152-b01 mixed mode windows-amd64 compressed oops)
# Failed to write core dump. Minidumps are not enabled by default on client versions of Windows
#

---------------  T H R E A D  ---------------

Current thread (0x0000000012fbf800):  JavaThread "C1 CompilerThread2" daemon [_thread_in_native, id=1087316, stack(0x0000000014800000,0x0000000014900000)]

Stack: [0x0000000014800000,0x0000000014900000]
[error occurred during error reporting (printing stack bounds), id 0xc0000005]

Native frames: (J=compiled Java code, j=interpreted, Vv=VM code, C=native code)


Current CompileTask:
C1:   2297  846       3       org.objectweb.asm.AnnotationWriter::<init> (34 bytes)


---------------  P R O C E S S  ---------------

Java Threads: ( => current thread )
  0x0000000014930800 JavaThread "Service Thread" daemon [_thread_blocked, id=1087320, stack(0x0000000014d00000,0x0000000014e00000)]
=>0x0000000012fbf800 JavaThread "C1 CompilerThread2" daemon [_thread_in_native, id=1087316, stack(0x0000000014800000,0x0000000014900000)]
  0x0000000012fbc000 JavaThread "C2 CompilerThread1" daemon [_thread_blocked, id=1087312, stack(0x0000000014700000,0x0000000014800000)]
  0x0000000012fcb000 JavaThread "C2 CompilerThread0" daemon [_thread_in_native, id=1087308, stack(0x0000000014600000,0x0000000014700000)]
  0x0000000012fc9800 JavaThread "Attach Listener" daemon [_thread_blocked, id=1087304, stack(0x0000000014500000,0x0000000014600000)]
  0x0000000012fc8800 JavaThread "Signal Dispatcher" daemon [_thread_blocked, id=1087300, stack(0x0000000014400000,0x0000000014500000)]
  0x0000000002c59800 JavaThread "Finalizer" daemon [_thread_blocked, id=1087296, stack(0x0000000014210000,0x0000000014310000)]
  0x0000000002c54000 JavaThread "Reference Handler" daemon [_thread_blocked, id=1087292, stack(0x0000000014110000,0x0000000014210000)]
  0x0000000002b64800 JavaThread "main" [_thread_in_native, id=1087268, stack(0x0000000002a60000,0x0000000002b60000)]

Other Threads:
  0x0000000012f85800 VMThread [stack: 0x0000000014010000,0x0000000014110000] [id=1087288]
  0x000000001301d000 WatcherThread [stack: 0x0000000014e00000,0x0000000014f00000] [id=1087324]

VM state:not at safepoint (normal execution)

VM Mutex/Monitor currently owned by a thread: None

Heap:
 PSYoungGen      total 18944K, used 16563K [0x00000000feb00000, 0x0000000100000000, 0x0000000100000000)
  eden space 16384K, 85% used [0x00000000feb00000,0x00000000ff8b4f20,0x00000000ffb00000)
  from space 2560K, 98% used [0x00000000ffb00000,0x00000000ffd78030,0x00000000ffd80000)
  to   space 2560K, 0% used [0x00000000ffd80000,0x00000000ffd80000,0x0000000100000000)
 ParOldGen       total 44032K, used 1725K [0x00000000fc000000, 0x00000000feb00000, 0x00000000feb00000)
  object space 44032K, 3% used [0x00000000fc000000,0x00000000fc1af560,0x00000000feb00000)
 Metaspace       used 7459K, capacity 7644K, committed 7936K, reserved 1056768K
  class space    used 868K, capacity 956K, committed 1024K, reserved 1048576K

Card table byte_map: [0x00000000029c0000,0x00000000029f0000] byte_map_base: 0x00000000021e0000

Marking Bits: (ParMarkBitMap*) 0x0000000052563950
 Begin Bits: [0x0000000012420000, 0x0000000012520000)
 End Bits:   [0x0000000012520000, 0x0000000012620000)

Polling page: 0x0000000002860000

CodeCache: size=245760Kb used=3301Kb max_used=3301Kb free=242458Kb
 bounds [0x0000000002c60000, 0x0000000002fa0000, 0x0000000011c60000]
 total_blobs=1175 nmethods=844 adapters=245
 compilation: enabled

Compilation events (10 events):
Event: 2.260 Thread 0x0000000012fbf800  840       3       org.objectweb.asm.Item::<init> (5 bytes)
Event: 2.260 Thread 0x0000000012fbf800 nmethod 840 0x0000000002f8cd10 code [0x0000000002f8ce60, 0x0000000002f8d010]
Event: 2.260 Thread 0x0000000012fbf800  841       1       sun.util.calendar.CalendarDate::getYear (5 bytes)
Event: 2.260 Thread 0x0000000012fbf800 nmethod 841 0x0000000002f8ca50 code [0x0000000002f8cba0, 0x0000000002f8ccb0]
Event: 2.279 Thread 0x0000000012fcb000  843       4       org.objectweb.asm.ClassReader::a (3587 bytes)
Event: 2.294 Thread 0x0000000012fbf800  844       3       org.objectweb.asm.tree.MethodNode::visitTypeInsn (17 bytes)
Event: 2.294 Thread 0x0000000012fbf800 nmethod 844 0x0000000002f8c390 code [0x0000000002f8c520, 0x0000000002f8c868]
Event: 2.295 Thread 0x0000000012fbf800  845       3       org.objectweb.asm.tree.TypeInsnNode::accept (18 bytes)
Event: 2.295 Thread 0x0000000012fbf800 nmethod 845 0x0000000002f8be50 code [0x0000000002f8bfc0, 0x0000000002f8c2b8]
Event: 2.296 Thread 0x0000000012fbf800  846       3       org.objectweb.asm.AnnotationWriter::<init> (34 bytes)

GC Heap History (2 events):
Event: 1.935 GC heap before
{Heap before GC invocations=1 (full 0):
 PSYoungGen      total 18944K, used 16384K [0x00000000feb00000, 0x0000000100000000, 0x0000000100000000)
  eden space 16384K, 100% used [0x00000000feb00000,0x00000000ffb00000,0x00000000ffb00000)
  from space 2560K, 0% used [0x00000000ffd80000,0x00000000ffd80000,0x0000000100000000)
  to   space 2560K, 0% used [0x00000000ffb00000,0x00000000ffb00000,0x00000000ffd80000)
 ParOldGen       total 44032K, used 0K [0x00000000fc000000, 0x00000000feb00000, 0x00000000feb00000)
  object space 44032K, 0% used [0x00000000fc000000,0x00000000fc000000,0x00000000feb00000)
 Metaspace       used 6504K, capacity 6670K, committed 6784K, reserved 1056768K
  class space    used 768K, capacity 823K, committed 896K, reserved 1048576K
Event: 1.938 GC heap after
Heap after GC invocations=1 (full 0):
 PSYoungGen      total 18944K, used 2528K [0x00000000feb00000, 0x0000000100000000, 0x0000000100000000)
  eden space 16384K, 0% used [0x00000000feb00000,0x00000000feb00000,0x00000000ffb00000)
  from space 2560K, 98% used [0x00000000ffb00000,0x00000000ffd78030,0x00000000ffd80000)
  to   space 2560K, 0% used [0x00000000ffd80000,0x00000000ffd80000,0x0000000100000000)
 ParOldGen       total 44032K, used 1725K [0x00000000fc000000, 0x00000000feb00000, 0x00000000feb00000)
  object space 44032K, 3% used [0x00000000fc000000,0x00000000fc1af560,0x00000000feb00000)
 Metaspace       used 6504K, capacity 6670K, committed 6784K, reserved 1056768K
  class space    used 768K, capacity 823K, committed 896K, reserved 1048576K
}

Deoptimization events (10 events):
Event: 1.920 Thread 0x0000000002b64800 Uncommon trap: reason=unstable_if action=reinterpret pc=0x0000000002e6de60 method=java.util.zip.ZipCoder.decoder()Ljava/nio/charset/CharsetDecoder; @ 4
Event: 1.920 Thread 0x0000000002b64800 Uncommon trap: reason=unstable_if action=reinterpret pc=0x0000000002e75358 method=java.util.zip.ZipEntry.setExtra0([BZ)V @ 1
Event: 1.921 Thread 0x0000000002b64800 Uncommon trap: reason=unstable_if action=reinterpret pc=0x0000000002e732b0 method=java.util.zip.ZipCoder.decoder()Ljava/nio/charset/CharsetDecoder; @ 4
Event: 1.954 Thread 0x0000000002b64800 Uncommon trap: reason=unstable_if action=reinterpret pc=0x0000000002e85ba8 method=java.util.zip.ZipCoder.decoder()Ljava/nio/charset/CharsetDecoder; @ 4
Event: 1.954 Thread 0x0000000002b64800 Uncommon trap: reason=unstable_if action=reinterpret pc=0x0000000002e80d8c method=java.util.zip.ZipCoder.decoder()Ljava/nio/charset/CharsetDecoder; @ 4
Event: 2.080 Thread 0x0000000002b64800 Uncommon trap: reason=unloaded action=reinterpret pc=0x0000000002e765fc method=java.util.zip.ZipEntry.setExtra0([BZ)V @ 37
Event: 2.099 Thread 0x0000000002b64800 Uncommon trap: reason=unstable_if action=reinterpret pc=0x0000000002e544b0 method=java.lang.String.<init>([CII)V @ 18
Event: 2.219 Thread 0x0000000002b64800 Uncommon trap: reason=unstable_if action=reinterpret pc=0x0000000002f343d0 method=org.objectweb.asm.ClassReader.a(II[C)Ljava/lang/String; @ 77
Event: 2.219 Thread 0x0000000002b64800 Uncommon trap: reason=unstable_if action=reinterpret pc=0x0000000002f63788 method=org.objectweb.asm.ByteVector.putUTF8(Ljava/lang/String;)Lorg/objectweb/asm/ByteVector; @ 98
Event: 2.224 Thread 0x0000000002b64800 Uncommon trap: reason=unstable_if action=reinterpret pc=0x0000000002f600c0 method=org.objectweb.asm.Item.a(Lorg/objectweb/asm/Item;)Z @ 345

Classes redefined (0 events):
No events

Internal exceptions (10 events):
Event: 1.954 Thread 0x0000000002b64800 Implicit null exception at 0x0000000002e803c5 to 0x0000000002e80d4d
Event: 2.056 Thread 0x0000000002b64800 Exception <a 'sun/nio/fs/WindowsException'> (0x00000000ff0fe7e8) thrown at [D:\src\AOSP-openjdk-cygwin\jdk8u\hotspot\src\share\vm\prims\jni.cpp, line 709]
Event: 2.056 Thread 0x0000000002b64800 Exception <a 'sun/nio/fs/WindowsException'> (0x00000000ff0fedb8) thrown at [D:\src\AOSP-openjdk-cygwin\jdk8u\hotspot\src\share\vm\prims\jni.cpp, line 709]
Event: 2.056 Thread 0x0000000002b64800 Exception <a 'sun/nio/fs/WindowsException'> (0x00000000ff0ff398) thrown at [D:\src\AOSP-openjdk-cygwin\jdk8u\hotspot\src\share\vm\prims\jni.cpp, line 709]
Event: 2.056 Thread 0x0000000002b64800 Exception <a 'sun/nio/fs/WindowsException'> (0x00000000ff0ffb68) thrown at [D:\src\AOSP-openjdk-cygwin\jdk8u\hotspot\src\share\vm\prims\jni.cpp, line 709]
Event: 2.056 Thread 0x0000000002b64800 Exception <a 'sun/nio/fs/WindowsException'> (0x00000000ff100120) thrown at [D:\src\AOSP-openjdk-cygwin\jdk8u\hotspot\src\share\vm\prims\jni.cpp, line 709]
Event: 2.056 Thread 0x0000000002b64800 Exception <a 'sun/nio/fs/WindowsException'> (0x00000000ff1008e0) thrown at [D:\src\AOSP-openjdk-cygwin\jdk8u\hotspot\src\share\vm\prims\jni.cpp, line 709]
Event: 2.060 Thread 0x0000000002b64800 Exception <a 'sun/nio/fs/WindowsException'> (0x00000000ff105cf0) thrown at [D:\src\AOSP-openjdk-cygwin\jdk8u\hotspot\src\share\vm\prims\jni.cpp, line 709]
Event: 2.092 Thread 0x0000000002b64800 Exception <a 'sun/nio/fs/WindowsException'> (0x00000000ff34b008) thrown at [D:\src\AOSP-openjdk-cygwin\jdk8u\hotspot\src\share\vm\prims\jni.cpp, line 709]
Event: 2.092 Thread 0x0000000002b64800 Exception <a 'sun/nio/fs/WindowsException'> (0x00000000ff34b5b0) thrown at [D:\src\AOSP-openjdk-cygwin\jdk8u\hotspot\src\share\vm\prims\jni.cpp, line 709]

Events (10 events):
Event: 2.129 loading class org/objectweb/asm/Handler done
Event: 2.218 Thread 0x0000000002b64800 Uncommon trap: trap_request=0xffffff65 fr.pc=0x0000000002f343d0
Event: 2.219 Thread 0x0000000002b64800 DEOPT PACKING pc=0x0000000002f343d0 sp=0x0000000002b5efd0
Event: 2.219 Thread 0x0000000002b64800 DEOPT UNPACKING pc=0x0000000002ca556a sp=0x0000000002b5eee8 mode 2
Event: 2.219 Thread 0x0000000002b64800 Uncommon trap: trap_request=0xffffff65 fr.pc=0x0000000002f63788
Event: 2.219 Thread 0x0000000002b64800 DEOPT PACKING pc=0x0000000002f63788 sp=0x0000000002b5ed50
Event: 2.219 Thread 0x0000000002b64800 DEOPT UNPACKING pc=0x0000000002ca556a sp=0x0000000002b5eca0 mode 2
Event: 2.224 Thread 0x0000000002b64800 Uncommon trap: trap_request=0xffffff65 fr.pc=0x0000000002f600c0
Event: 2.224 Thread 0x0000000002b64800 DEOPT PACKING pc=0x0000000002f600c0 sp=0x0000000002b5eae0
Event: 2.224 Thread 0x0000000002b64800 DEOPT UNPACKING pc=0x0000000002ca556a sp=0x0000000002b5ea78 mode 2


Dynamic libraries:
0x00007ff7b1680000 - 0x00007ff7b16b1000 	C:\Program Files\Android\Android Studio\jre\bin\java.exe
0x00007fff023f0000 - 0x00007fff025cb000 	C:\WINDOWS\SYSTEM32\ntdll.dll
0x00007fff01420000 - 0x00007fff014ce000 	C:\WINDOWS\System32\KERNEL32.DLL
0x00007ffefe910000 - 0x00007ffefeb59000 	C:\WINDOWS\System32\KERNELBASE.dll
0x00007fff01620000 - 0x00007fff016c1000 	C:\WINDOWS\System32\ADVAPI32.dll
0x00007fff016d0000 - 0x00007fff0176d000 	C:\WINDOWS\System32\msvcrt.dll
0x00007fff021f0000 - 0x00007fff02249000 	C:\WINDOWS\System32\sechost.dll
0x00007fff00e00000 - 0x00007fff00f25000 	C:\WINDOWS\System32\RPCRT4.dll
0x00007fff01000000 - 0x00007fff0114a000 	C:\WINDOWS\System32\USER32.dll
0x00007ffeff930000 - 0x00007ffeff94e000 	C:\WINDOWS\System32\win32u.dll
0x00007fff01340000 - 0x00007fff01367000 	C:\WINDOWS\System32\GDI32.dll
0x00007ffefeea0000 - 0x00007ffeff027000 	C:\WINDOWS\System32\gdi32full.dll
0x00007ffeff890000 - 0x00007ffeff92a000 	C:\WINDOWS\System32\msvcp_win.dll
0x00007ffeff030000 - 0x00007ffeff126000 	C:\WINDOWS\System32\ucrtbase.dll
0x00007ffef2050000 - 0x00007ffef22b7000 	C:\WINDOWS\WinSxS\amd64_microsoft.windows.common-controls_6595b64144ccf1df_6.0.15063.483_none_26002d27e7c744a2\COMCTL32.dll
0x00007fff017d0000 - 0x00007fff01ac9000 	C:\WINDOWS\System32\combase.dll
0x00007ffefec10000 - 0x00007ffefec7a000 	C:\WINDOWS\System32\bcryptPrimitives.dll
0x00007fff00fd0000 - 0x00007fff00ffd000 	C:\WINDOWS\System32\IMM32.DLL
0x0000000051cc0000 - 0x0000000051d92000 	C:\Program Files\Android\Android Studio\jre\jre\bin\msvcr100.dll
0x0000000051da0000 - 0x00000000525de000 	C:\Program Files\Android\Android Studio\jre\jre\bin\server\jvm.dll
0x00007fff01320000 - 0x00007fff01328000 	C:\WINDOWS\System32\PSAPI.DLL
0x00007ffef9960000 - 0x00007ffef9969000 	C:\WINDOWS\SYSTEM32\WSOCK32.dll
0x00007ffeff950000 - 0x00007ffeff9bc000 	C:\WINDOWS\System32\WS2_32.dll
0x00007ffef7ed0000 - 0x00007ffef7ef3000 	C:\WINDOWS\SYSTEM32\WINMM.dll
0x00007ffef9560000 - 0x00007ffef956a000 	C:\WINDOWS\SYSTEM32\VERSION.dll
0x00007ffef7e70000 - 0x00007ffef7e9b000 	C:\WINDOWS\SYSTEM32\WINMMBASE.dll
0x00007ffefee50000 - 0x00007ffefee99000 	C:\WINDOWS\System32\cfgmgr32.dll
0x00007ffef9950000 - 0x00007ffef995f000 	C:\Program Files\Android\Android Studio\jre\jre\bin\verify.dll
0x00007ffef9920000 - 0x00007ffef9949000 	C:\Program Files\Android\Android Studio\jre\jre\bin\java.dll
0x00007ffef00b0000 - 0x00007ffef00c6000 	C:\Program Files\Android\Android Studio\jre\jre\bin\zip.dll
0x00007ffeff9c0000 - 0x00007fff00df7000 	C:\WINDOWS\System32\SHELL32.dll
0x00007fff01370000 - 0x00007fff0141a000 	C:\WINDOWS\System32\shcore.dll
0x00007ffeff190000 - 0x00007ffeff881000 	C:\WINDOWS\System32\windows.storage.dll
0x00007fff011f0000 - 0x00007fff01241000 	C:\WINDOWS\System32\shlwapi.dll
0x00007ffefe8f0000 - 0x00007ffefe901000 	C:\WINDOWS\System32\kernel.appcore.dll
0x00007ffefe880000 - 0x00007ffefe8cc000 	C:\WINDOWS\System32\powrprof.dll
0x00007ffefe8d0000 - 0x00007ffefe8e5000 	C:\WINDOWS\System32\profapi.dll
0x00007ffefe310000 - 0x00007ffefe327000 	C:\WINDOWS\SYSTEM32\CRYPTSP.dll
0x00007ffefdd90000 - 0x00007ffefddc4000 	C:\WINDOWS\system32\rsaenh.dll
0x00007ffefe420000 - 0x00007ffefe445000 	C:\WINDOWS\SYSTEM32\bcrypt.dll
0x00007ffefe790000 - 0x00007ffefe7b9000 	C:\WINDOWS\SYSTEM32\USERENV.dll
0x00007ffefe330000 - 0x00007ffefe33b000 	C:\WINDOWS\SYSTEM32\CRYPTBASE.dll
0x00007ffeef1e0000 - 0x00007ffeef1fa000 	C:\Program Files\Android\Android Studio\jre\jre\bin\net.dll
0x00007ffefe170000 - 0x00007ffefe1cc000 	C:\WINDOWS\system32\mswsock.dll
0x00007ffefdf10000 - 0x00007ffefdf47000 	C:\WINDOWS\SYSTEM32\IPHLPAPI.DLL
0x00007fff01330000 - 0x00007fff01338000 	C:\WINDOWS\System32\NSI.dll
0x00007ffefb2f0000 - 0x00007ffefb306000 	C:\WINDOWS\SYSTEM32\dhcpcsvc6.DLL
0x00007ffefb2b0000 - 0x00007ffefb2ca000 	C:\WINDOWS\SYSTEM32\dhcpcsvc.DLL
0x00007ffeef1c0000 - 0x00007ffeef1d1000 	C:\Program Files\Android\Android Studio\jre\jre\bin\nio.dll

VM Arguments:
jvm_args: -Djava.awt.headless=true -Xmx64M -Dfile.encoding=windows-1252 -Duser.country=US -Duser.language=en -Duser.variant 
java_command: com.google.devtools.build.android.desugar.Desugar --input E:\ProjectFiles\AndroidStudio\KloudAlc\KloudAlc\app\build\intermediates\transforms\stackFramesFixer\debug\25.jar --output E:\ProjectFiles\AndroidStudio\KloudAlc\KloudAlc\app\build\intermediates\transforms\desugar\debug\28.jar --input E:\ProjectFiles\AndroidStudio\KloudAlc\KloudAlc\app\build\intermediates\transforms\stackFramesFixer\debug\17.jar --output E:\ProjectFiles\AndroidStudio\KloudAlc\KloudAlc\app\build\intermediates\transforms\desugar\debug\20.jar --input E:\ProjectFiles\AndroidStudio\KloudAlc\KloudAlc\app\build\intermediates\transforms\stackFramesFixer\debug\28.jar --output E:\ProjectFiles\AndroidStudio\KloudAlc\KloudAlc\app\build\intermediates\transforms\desugar\debug\31.jar --input E:\ProjectFiles\AndroidStudio\KloudAlc\KloudAlc\app\build\intermediates\transforms\stackFramesFixer\debug\13.jar --output E:\ProjectFiles\AndroidStudio\KloudAlc\KloudAlc\app\build\intermediates\transforms\desugar\debug\16.jar --input E:\ProjectFiles\AndroidStudio\KloudAlc\KloudAlc\app\build\intermediates\transforms\stackFramesFixer\debug\16.jar --output E:\ProjectFiles\AndroidStudio\KloudAlc\KloudAlc\app\build\intermediates\transforms\desugar\debug\19.jar --input E:\ProjectFiles\AndroidStudio\KloudAlc\KloudAlc\app\build\intermediates\transforms\stackFramesFixer\debug\0.jar --output E:\ProjectFiles\AndroidStudio\KloudAlc\KloudAlc\app\build\intermediates\transforms\desugar\debug\3.jar --classpath_entry E:\ProjectFiles\AndroidStudio\KloudAlc\KloudAlc\app\build\intermediates\classes\debug --classpath_entry E:\ProjectFiles\AndroidStudio\KloudAlc\KloudAlc\app\build\tmp\kotlin-classes\debug --classpath_entry E:\ProjectFiles\AndroidStudio\KloudAlc\KloudAlc\app\build\tmp\kapt3\classes\debug --classpath_entry E:\ProjectFiles\AndroidStudio\KloudAlc\KloudAlc\app\build\intermediates\transforms\stackFramesFixer\debug\0.jar --classpath_entry E:\ProjectFiles\AndroidStudio\KloudAlc\KloudAlc\app\build\intermediates\transfo
java_class_path (initial): C:\Users\Tiitus\AppData\Local\Temp\desugar_deploy.jar2671079108587817985
Launcher Type: SUN_STANDARD

Environment Variables:
CLASSPATH=.;C:\Program Files (x86)\Java\jre1.8.0_65\lib\ext\QTJava.zip
PATH=C:\Python27\;C:\Python27\Scripts;c:\programdata\oracle\java\javapath;c:\windows\system32;c:\windows;c:\windows\system32\wbem;c:\windows\system32\windowspowershell\v1.0\;c:\program files (x86)\livestreamer;c:\program files\common files\autodesk shared\;c:\program files (x86)\autodesk\backburner\;c:\program files\next limit\rfconnect 2015 for maya;c:\program files (x86)\quicktime\qtsystem\;c:\windows\system32;c:\windows;c:\windows\system32\wbem;c:\windows\system32\windowspowershell\v1.0\;d:\git\cmd;c:\program files (x86)\streamlink\bin;c:\programdata\chocolatey\bin;C:\Program Files (x86)\Calibre2\;C:\Users\Tiitus\AppData\Local\Streamlink\bin;C:\Users\Tiitus\AppData\Local\Programs\Python\Python36-32\Scripts\;C:\Users\Tiitus\AppData\Local\Programs\Python\Python36-32\;C:\Users\Tiitus\AppData\Local\Microsoft\WindowsApps;C:\Users\Tiitus\AppData\Local\.meteor\;C:\Users\Tiitus\AppData\Local\GitHubDesktop\bin
USERNAME=Tiitus
OS=Windows_NT
PROCESSOR_IDENTIFIER=Intel64 Family 6 Model 58 Stepping 9, GenuineIntel



---------------  S Y S T E M  ---------------

OS: Windows 10.0 , 64 bit Build 15063 (10.0.15063.296)

CPU:total 4 (initial active 4) (4 cores per cpu, 1 threads per core) family 6 model 58 stepping 9, cmov, cx8, fxsr, mmx, sse, sse2, sse3, ssse3, sse4.1, sse4.2, popcnt, avx, aes, clmul, erms, tsc, tscinvbit, tscinv

Memory: 4k page, physical 16661448k(907800k free), swap 21781448k(1008k free)

vm_info: OpenJDK 64-Bit Server VM (25.152-b01) for windows-amd64 JRE (1.8.0_152-release-915-b01), built by "builder" with MS VC++ 10.0 (VS2010)

time: Sun Jan 07 20:00:31 2018
elapsed time: 2 seconds (0d 0h 0m 2s)

