#
# There is insufficient memory for the Java Runtime Environment to continue.
# Native memory allocation (malloc) failed to allocate 37088 bytes for Chunk::new
# Possible reasons:
#   The system is out of physical RAM or swap space
#   In 32 bit mode, the process size limit was hit
# Possible solutions:
#   Reduce memory load on the system
#   Increase physical memory or swap space
#   Check if swap backing store is full
#   Use 64 bit Java on a 64 bit OS
#   Decrease Java heap size (-Xmx/-Xms)
#   Decrease number of Java threads
#   Decrease Java thread stack sizes (-Xss)
#   Set larger code cache with -XX:ReservedCodeCacheSize=
# This output file may be truncated or incomplete.
#
#  Out of Memory Error (allocation.cpp:390), pid=1164768, tid=0x000000000011c454
#
# JRE version: OpenJDK Runtime Environment (8.0_152-b01) (build 1.8.0_152-release-915-b01)
# Java VM: OpenJDK 64-Bit Server VM (25.152-b01 mixed mode windows-amd64 compressed oops)
# Failed to write core dump. Minidumps are not enabled by default on client versions of Windows
#

---------------  T H R E A D  ---------------

Current thread (0x00000000133fb000):  JavaThread "C2 CompilerThread0" daemon [_thread_in_native, id=1164372, stack(0x0000000014a30000,0x0000000014b30000)]

Stack: [0x0000000014a30000,0x0000000014b30000]
[error occurred during error reporting (printing stack bounds), id 0xc0000005]

Native frames: (J=compiled Java code, j=interpreted, Vv=VM code, C=native code)


Current CompileTask:
C2:    380  376       4       jdk.internal.org.objectweb.asm.ByteVector::putUTF8 (142 bytes)


---------------  P R O C E S S  ---------------

Java Threads: ( => current thread )
  0x0000000014d40800 JavaThread "Service Thread" daemon [_thread_blocked, id=1162236, stack(0x0000000015130000,0x0000000015230000)]
  0x00000000133f5800 JavaThread "C1 CompilerThread2" daemon [_thread_in_native, id=1154416, stack(0x0000000014c30000,0x0000000014d30000)]
  0x00000000133fe800 JavaThread "C2 CompilerThread1" daemon [_thread_blocked, id=1164860, stack(0x0000000014b30000,0x0000000014c30000)]
=>0x00000000133fb000 JavaThread "C2 CompilerThread0" daemon [_thread_in_native, id=1164372, stack(0x0000000014a30000,0x0000000014b30000)]
  0x00000000133f9800 JavaThread "Attach Listener" daemon [_thread_blocked, id=1164728, stack(0x0000000014930000,0x0000000014a30000)]
  0x00000000133f8800 JavaThread "Signal Dispatcher" daemon [_thread_blocked, id=1163556, stack(0x0000000014830000,0x0000000014930000)]
  0x0000000003089800 JavaThread "Finalizer" daemon [_thread_blocked, id=1163536, stack(0x0000000014640000,0x0000000014740000)]
  0x0000000003084000 JavaThread "Reference Handler" daemon [_thread_blocked, id=1164796, stack(0x0000000014540000,0x0000000014640000)]
  0x0000000002f94800 JavaThread "main" [_thread_in_Java, id=1165240, stack(0x0000000002e90000,0x0000000002f90000)]

Other Threads:
  0x00000000133b6000 VMThread [stack: 0x0000000014440000,0x0000000014540000] [id=1164804]
  0x0000000014d41800 WatcherThread [stack: 0x0000000015230000,0x0000000015330000] [id=1164412]

VM state:not at safepoint (normal execution)

VM Mutex/Monitor currently owned by a thread: None

Heap:
 PSYoungGen      total 18944K, used 6956K [0x00000000feb00000, 0x0000000100000000, 0x0000000100000000)
  eden space 16384K, 42% used [0x00000000feb00000,0x00000000ff1cb1b0,0x00000000ffb00000)
  from space 2560K, 0% used [0x00000000ffd80000,0x00000000ffd80000,0x0000000100000000)
  to   space 2560K, 0% used [0x00000000ffb00000,0x00000000ffb00000,0x00000000ffd80000)
 ParOldGen       total 44032K, used 0K [0x00000000fc000000, 0x00000000feb00000, 0x00000000feb00000)
  object space 44032K, 0% used [0x00000000fc000000,0x00000000fc000000,0x00000000feb00000)
 Metaspace       used 5940K, capacity 6174K, committed 6528K, reserved 1056768K
  class space    used 695K, capacity 783K, committed 896K, reserved 1048576K

Card table byte_map: [0x00000000014c0000,0x00000000014f0000] byte_map_base: 0x0000000000ce0000

Marking Bits: (ParMarkBitMap*) 0x00000000661c3950
 Begin Bits: [0x0000000012850000, 0x0000000012950000)
 End Bits:   [0x0000000012950000, 0x0000000012a50000)

Polling page: 0x0000000001480000

CodeCache: size=245760Kb used=1821Kb max_used=1821Kb free=243938Kb
 bounds [0x0000000003090000, 0x0000000003300000, 0x0000000012090000]
 total_blobs=703 nmethods=398 adapters=219
 compilation: enabled

Compilation events (10 events):
Event: 0.378 Thread 0x00000000133f5800  374       1       java.lang.invoke.MethodTypeForm::erasedType (5 bytes)
Event: 0.378 Thread 0x00000000133f5800 nmethod 374 0x0000000003252590 code [0x00000000032526e0, 0x00000000032527f0]
Event: 0.378 Thread 0x00000000133f5800  383       3       jdk.internal.org.objectweb.asm.Frame::push (110 bytes)
Event: 0.379 Thread 0x00000000133f5800 nmethod 383 0x0000000003252850 code [0x00000000032529e0, 0x0000000003252ee8]
Event: 0.379 Thread 0x00000000133f5800  384       3       jdk.internal.org.objectweb.asm.ClassWriter::newClassItem (70 bytes)
Event: 0.379 Thread 0x00000000133f5800 nmethod 384 0x00000000032530d0 code [0x0000000003253280, 0x00000000032536d8]
Event: 0.379 Thread 0x00000000133f5800  385       3       jdk.internal.org.objectweb.asm.ClassWriter::addType (39 bytes)
Event: 0.379 Thread 0x00000000133f5800 nmethod 385 0x0000000003253890 code [0x0000000003253a20, 0x0000000003253d08]
Event: 0.379 Thread 0x00000000133f5800  386       3       java.lang.invoke.MemberName::isResolved (13 bytes)
Event: 0.379 Thread 0x00000000133f5800 nmethod 386 0x0000000003253e50 code [0x0000000003253fa0, 0x0000000003254150]

GC Heap History (0 events):
No events

Deoptimization events (1 events):
Event: 0.299 Thread 0x0000000002f94800 Uncommon trap: reason=range_check action=make_not_entrant pc=0x00000000031fd120 method=sun.reflect.generics.parser.SignatureParser.current()C @ 34

Classes redefined (0 events):
No events

Internal exceptions (7 events):
Event: 0.042 Thread 0x0000000002f94800 Exception <a 'java/lang/NoSuchMethodError': Method sun.misc.Unsafe.defineClass(Ljava/lang/String;[BII)Ljava/lang/Class; name or signature does not match> (0x00000000feb07ca8) thrown at [D:\src\AOSP-openjdk-cygwin\jdk8u\hotspot\src\share\vm\prims\jni.cpp, 
Event: 0.042 Thread 0x0000000002f94800 Exception <a 'java/lang/NoSuchMethodError': Method sun.misc.Unsafe.prefetchRead(Ljava/lang/Object;J)V name or signature does not match> (0x00000000feb07f90) thrown at [D:\src\AOSP-openjdk-cygwin\jdk8u\hotspot\src\share\vm\prims\jni.cpp, line 4011]
Event: 0.218 Thread 0x0000000002f94800 Exception <a 'sun/nio/fs/WindowsException'> (0x00000000feca5708) thrown at [D:\src\AOSP-openjdk-cygwin\jdk8u\hotspot\src\share\vm\prims\jni.cpp, line 709]
Event: 0.299 Thread 0x0000000002f94800 Exception <a 'java/lang/ArrayIndexOutOfBoundsException': 18> (0x00000000feefd118) thrown at [D:\src\AOSP-openjdk-cygwin\jdk8u\hotspot\src\share\vm\interpreter\interpreterRuntime.cpp, line 366]
Event: 0.299 Thread 0x0000000002f94800 Exception <a 'java/lang/ArrayIndexOutOfBoundsException': 67> (0x00000000feefe020) thrown at [D:\src\AOSP-openjdk-cygwin\jdk8u\hotspot\src\share\vm\interpreter\interpreterRuntime.cpp, line 366]
Event: 0.375 Thread 0x0000000002f94800 Exception <a 'java/lang/NoSuchFieldError': method resolution failed> (0x00000000ff168270) thrown at [D:\src\AOSP-openjdk-cygwin\jdk8u\hotspot\src\share\vm\prims\methodHandles.cpp, line 1167]
Event: 0.376 Thread 0x0000000002f94800 Exception <a 'java/lang/NoSuchFieldError': method resolution failed> (0x00000000ff1755c0) thrown at [D:\src\AOSP-openjdk-cygwin\jdk8u\hotspot\src\share\vm\prims\methodHandles.cpp, line 1167]

Events (10 events):
Event: 0.374 loading class java/lang/NoSuchFieldError
Event: 0.375 loading class java/lang/NoSuchFieldError done
Event: 0.377 loading class java/lang/invoke/LambdaFormEditor
Event: 0.378 loading class java/lang/invoke/LambdaFormEditor done
Event: 0.378 loading class java/lang/invoke/LambdaFormEditor$Transform$Kind
Event: 0.378 loading class java/lang/invoke/LambdaFormEditor$Transform$Kind done
Event: 0.378 loading class java/lang/invoke/LambdaFormEditor$Transform
Event: 0.378 loading class java/lang/invoke/LambdaFormEditor$Transform done
Event: 0.378 loading class java/lang/invoke/LambdaFormBuffer
Event: 0.378 loading class java/lang/invoke/LambdaFormBuffer done


Dynamic libraries:
0x00007ff756ef0000 - 0x00007ff756f21000 	C:\Program Files\Android\Android Studio\jre\bin\java.exe
0x00007ff89f790000 - 0x00007ff89f96b000 	C:\WINDOWS\SYSTEM32\ntdll.dll
0x00007ff89d870000 - 0x00007ff89d91e000 	C:\WINDOWS\System32\KERNEL32.DLL
0x00007ff89c560000 - 0x00007ff89c7a9000 	C:\WINDOWS\System32\KERNELBASE.dll
0x00007ff89d4d0000 - 0x00007ff89d571000 	C:\WINDOWS\System32\ADVAPI32.dll
0x00007ff89cd70000 - 0x00007ff89ce0d000 	C:\WINDOWS\System32\msvcrt.dll
0x00007ff89ce70000 - 0x00007ff89cec9000 	C:\WINDOWS\System32\sechost.dll
0x00007ff89ced0000 - 0x00007ff89cff5000 	C:\WINDOWS\System32\RPCRT4.dll
0x00007ff89f290000 - 0x00007ff89f3da000 	C:\WINDOWS\System32\USER32.dll
0x00007ff89c3b0000 - 0x00007ff89c3ce000 	C:\WINDOWS\System32\win32u.dll
0x00007ff89d840000 - 0x00007ff89d867000 	C:\WINDOWS\System32\GDI32.dll
0x00007ff89c3d0000 - 0x00007ff89c557000 	C:\WINDOWS\System32\gdi32full.dll
0x00007ff89caa0000 - 0x00007ff89cb3a000 	C:\WINDOWS\System32\msvcp_win.dll
0x00007ff89cb40000 - 0x00007ff89cc36000 	C:\WINDOWS\System32\ucrtbase.dll
0x00007ff88ac80000 - 0x00007ff88aee7000 	C:\WINDOWS\WinSxS\amd64_microsoft.windows.common-controls_6595b64144ccf1df_6.0.15063.483_none_26002d27e7c744a2\COMCTL32.dll
0x00007ff89f480000 - 0x00007ff89f779000 	C:\WINDOWS\System32\combase.dll
0x00007ff89c7b0000 - 0x00007ff89c81a000 	C:\WINDOWS\System32\bcryptPrimitives.dll
0x00007ff89d310000 - 0x00007ff89d33d000 	C:\WINDOWS\System32\IMM32.DLL
0x000000006a5e0000 - 0x000000006a6b2000 	C:\Program Files\Android\Android Studio\jre\jre\bin\msvcr100.dll
0x0000000065a00000 - 0x000000006623e000 	C:\Program Files\Android\Android Studio\jre\jre\bin\server\jvm.dll
0x00007ff89f780000 - 0x00007ff89f788000 	C:\WINDOWS\System32\PSAPI.DLL
0x00007ff89b640000 - 0x00007ff89b649000 	C:\WINDOWS\SYSTEM32\WSOCK32.dll
0x00007ff89f220000 - 0x00007ff89f28c000 	C:\WINDOWS\System32\WS2_32.dll
0x00007ff895050000 - 0x00007ff895073000 	C:\WINDOWS\SYSTEM32\WINMM.dll
0x00007ff89a0e0000 - 0x00007ff89a0ea000 	C:\WINDOWS\SYSTEM32\VERSION.dll
0x00007ff894ff0000 - 0x00007ff89501b000 	C:\WINDOWS\SYSTEM32\WINMMBASE.dll
0x00007ff89c9f0000 - 0x00007ff89ca39000 	C:\WINDOWS\System32\cfgmgr32.dll
0x00007ff899710000 - 0x00007ff89971f000 	C:\Program Files\Android\Android Studio\jre\jre\bin\verify.dll
0x00007ff894ad0000 - 0x00007ff894af9000 	C:\Program Files\Android\Android Studio\jre\jre\bin\java.dll
0x00007ff896920000 - 0x00007ff896936000 	C:\Program Files\Android\Android Studio\jre\jre\bin\zip.dll
0x00007ff89dde0000 - 0x00007ff89f217000 	C:\WINDOWS\System32\SHELL32.dll
0x00007ff89d0c0000 - 0x00007ff89d16a000 	C:\WINDOWS\System32\shcore.dll
0x00007ff89bcb0000 - 0x00007ff89c3a1000 	C:\WINDOWS\System32\windows.storage.dll
0x00007ff89d7e0000 - 0x00007ff89d831000 	C:\WINDOWS\System32\shlwapi.dll
0x00007ff89bc70000 - 0x00007ff89bc81000 	C:\WINDOWS\System32\kernel.appcore.dll
0x00007ff89bc20000 - 0x00007ff89bc6c000 	C:\WINDOWS\System32\powrprof.dll
0x00007ff89bc00000 - 0x00007ff89bc15000 	C:\WINDOWS\System32\profapi.dll
0x00007ff89b5d0000 - 0x00007ff89b5e7000 	C:\WINDOWS\SYSTEM32\CRYPTSP.dll
0x00007ff89ae00000 - 0x00007ff89ae34000 	C:\WINDOWS\system32\rsaenh.dll
0x00007ff89b5a0000 - 0x00007ff89b5c5000 	C:\WINDOWS\SYSTEM32\bcrypt.dll
0x00007ff89bb30000 - 0x00007ff89bb59000 	C:\WINDOWS\SYSTEM32\USERENV.dll
0x00007ff89b380000 - 0x00007ff89b38b000 	C:\WINDOWS\SYSTEM32\CRYPTBASE.dll
0x00007ff894bc0000 - 0x00007ff894bda000 	C:\Program Files\Android\Android Studio\jre\jre\bin\net.dll
0x00007ff89b1e0000 - 0x00007ff89b23c000 	C:\WINDOWS\system32\mswsock.dll
0x00007ff89af80000 - 0x00007ff89afb7000 	C:\WINDOWS\SYSTEM32\IPHLPAPI.DLL
0x00007ff89ddd0000 - 0x00007ff89ddd8000 	C:\WINDOWS\System32\NSI.dll
0x00007ff897950000 - 0x00007ff897966000 	C:\WINDOWS\SYSTEM32\dhcpcsvc6.DLL
0x00007ff897930000 - 0x00007ff89794a000 	C:\WINDOWS\SYSTEM32\dhcpcsvc.DLL
0x00007ff894190000 - 0x00007ff8941a1000 	C:\Program Files\Android\Android Studio\jre\jre\bin\nio.dll

VM Arguments:
jvm_args: -Djava.awt.headless=true -Xmx64M -Dfile.encoding=windows-1252 -Duser.country=US -Duser.language=en -Duser.variant 
java_command: com.google.devtools.build.android.desugar.Desugar --input E:\ProjectFiles\AndroidStudio\KloudAlc\KloudAlc\app\build\tmp\kapt3\classes\debug --output E:\ProjectFiles\AndroidStudio\KloudAlc\KloudAlc\app\build\intermediates\transforms\desugar\debug\2 --input E:\ProjectFiles\AndroidStudio\KloudAlc\KloudAlc\app\build\intermediates\transforms\stackFramesFixer\debug\18.jar --output E:\ProjectFiles\AndroidStudio\KloudAlc\KloudAlc\app\build\intermediates\transforms\desugar\debug\21.jar --input E:\ProjectFiles\AndroidStudio\KloudAlc\KloudAlc\app\build\intermediates\transforms\stackFramesFixer\debug\6.jar --output E:\ProjectFiles\AndroidStudio\KloudAlc\KloudAlc\app\build\intermediates\transforms\desugar\debug\9.jar --input E:\ProjectFiles\AndroidStudio\KloudAlc\KloudAlc\app\build\intermediates\transforms\stackFramesFixer\debug\9.jar --output E:\ProjectFiles\AndroidStudio\KloudAlc\KloudAlc\app\build\intermediates\transforms\desugar\debug\12.jar --input E:\ProjectFiles\AndroidStudio\KloudAlc\KloudAlc\app\build\intermediates\transforms\stackFramesFixer\debug\8.jar --output E:\ProjectFiles\AndroidStudio\KloudAlc\KloudAlc\app\build\intermediates\transforms\desugar\debug\11.jar --input E:\ProjectFiles\AndroidStudio\KloudAlc\KloudAlc\app\build\intermediates\transforms\stackFramesFixer\debug\0.jar --output E:\ProjectFiles\AndroidStudio\KloudAlc\KloudAlc\app\build\intermediates\transforms\desugar\debug\3.jar --classpath_entry E:\ProjectFiles\AndroidStudio\KloudAlc\KloudAlc\app\build\intermediates\classes\debug --classpath_entry E:\ProjectFiles\AndroidStudio\KloudAlc\KloudAlc\app\build\tmp\kotlin-classes\debug --classpath_entry E:\ProjectFiles\AndroidStudio\KloudAlc\KloudAlc\app\build\tmp\kapt3\classes\debug --classpath_entry E:\ProjectFiles\AndroidStudio\KloudAlc\KloudAlc\app\build\intermediates\transforms\stackFramesFixer\debug\0.jar --classpath_entry E:\ProjectFiles\AndroidStudio\KloudAlc\KloudAlc\app\build\intermediates\transforms\stackFramesFixer\debug\1.jar --class
java_class_path (initial): C:\Users\Tiitus\AppData\Local\Temp\desugar_deploy.jar6900727583709418673
Launcher Type: SUN_STANDARD

Environment Variables:
CLASSPATH=.;C:\Program Files (x86)\Java\jre1.8.0_65\lib\ext\QTJava.zip
PATH=C:\Python27\;C:\Python27\Scripts;c:\programdata\oracle\java\javapath;c:\windows\system32;c:\windows;c:\windows\system32\wbem;c:\windows\system32\windowspowershell\v1.0\;c:\program files (x86)\livestreamer;c:\program files\common files\autodesk shared\;c:\program files (x86)\autodesk\backburner\;c:\program files\next limit\rfconnect 2015 for maya;c:\program files (x86)\quicktime\qtsystem\;c:\windows\system32;c:\windows;c:\windows\system32\wbem;c:\windows\system32\windowspowershell\v1.0\;d:\git\cmd;c:\program files (x86)\streamlink\bin;c:\programdata\chocolatey\bin;C:\Program Files (x86)\Calibre2\;C:\Users\Tiitus\AppData\Local\Streamlink\bin;C:\Program Files\FileBot\;C:\Users\Tiitus\AppData\Local\Programs\Python\Python36-32\Scripts\;C:\Users\Tiitus\AppData\Local\Programs\Python\Python36-32\;C:\Users\Tiitus\AppData\Local\Microsoft\WindowsApps;C:\Users\Tiitus\AppData\Local\.meteor\;C:\Users\Tiitus\AppData\Local\GitHubDesktop\bin
USERNAME=Tiitus
OS=Windows_NT
PROCESSOR_IDENTIFIER=Intel64 Family 6 Model 58 Stepping 9, GenuineIntel



---------------  S Y S T E M  ---------------

OS: Windows 10.0 , 64 bit Build 15063 (10.0.15063.296)

CPU:total 4 (initial active 4) (4 cores per cpu, 1 threads per core) family 6 model 58 stepping 9, cmov, cx8, fxsr, mmx, sse, sse2, sse3, ssse3, sse4.1, sse4.2, popcnt, avx, aes, clmul, erms, tsc, tscinvbit, tscinv

Memory: 4k page, physical 16661448k(928508k free), swap 21781448k(4104k free)

vm_info: OpenJDK 64-Bit Server VM (25.152-b01) for windows-amd64 JRE (1.8.0_152-release-915-b01), built by "builder" with MS VC++ 10.0 (VS2010)

time: Thu Jan 25 18:38:11 2018
elapsed time: 0 seconds (0d 0h 0m 0s)

