#
# There is insufficient memory for the Java Runtime Environment to continue.
# Native memory allocation (malloc) failed to allocate 2691696 bytes for Chunk::new
# Possible reasons:
#   The system is out of physical RAM or swap space
#   In 32 bit mode, the process size limit was hit
# Possible solutions:
#   Reduce memory load on the system
#   Increase physical memory or swap space
#   Check if swap backing store is full
#   Use 64 bit Java on a 64 bit OS
#   Decrease Java heap size (-Xmx/-Xms)
#   Decrease number of Java threads
#   Decrease Java thread stack sizes (-Xss)
#   Set larger code cache with -XX:ReservedCodeCacheSize=
# This output file may be truncated or incomplete.
#
#  Out of Memory Error (allocation.cpp:390), pid=1157480, tid=0x000000000011a95c
#
# JRE version: OpenJDK Runtime Environment (8.0_152-b01) (build 1.8.0_152-release-915-b01)
# Java VM: OpenJDK 64-Bit Server VM (25.152-b01 mixed mode windows-amd64 compressed oops)
# Failed to write core dump. Minidumps are not enabled by default on client versions of Windows
#

---------------  T H R E A D  ---------------

Current thread (0x0000000012d7c000):  JavaThread "C2 CompilerThread1" daemon [_thread_in_native, id=1157468, stack(0x00000000144c0000,0x00000000145c0000)]

Stack: [0x00000000144c0000,0x00000000145c0000]
[error occurred during error reporting (printing stack bounds), id 0xc0000005]

Native frames: (J=compiled Java code, j=interpreted, Vv=VM code, C=native code)


Current CompileTask:
C2:   1731  827 %     4       org.objectweb.asm.ClassReader::a @ 1480 (3587 bytes)


---------------  P R O C E S S  ---------------

Java Threads: ( => current thread )
  0x0000000012ddc000 JavaThread "Service Thread" daemon [_thread_blocked, id=1156776, stack(0x0000000014ac0000,0x0000000014bc0000)]
  0x00000000145c8800 JavaThread "C1 CompilerThread2" daemon [_thread_in_vm, id=1157508, stack(0x00000000149c0000,0x0000000014ac0000)]
=>0x0000000012d7c000 JavaThread "C2 CompilerThread1" daemon [_thread_in_native, id=1157468, stack(0x00000000144c0000,0x00000000145c0000)]
  0x0000000012d8b000 JavaThread "C2 CompilerThread0" daemon [_thread_in_native, id=1157804, stack(0x00000000143c0000,0x00000000144c0000)]
  0x0000000012d89800 JavaThread "Attach Listener" daemon [_thread_blocked, id=1157844, stack(0x00000000142c0000,0x00000000143c0000)]
  0x0000000012d88000 JavaThread "Signal Dispatcher" daemon [_thread_blocked, id=1157784, stack(0x00000000141c0000,0x00000000142c0000)]
  0x0000000012d68800 JavaThread "Finalizer" daemon [_thread_blocked, id=1157196, stack(0x0000000013fd0000,0x00000000140d0000)]
  0x0000000002a14000 JavaThread "Reference Handler" daemon [_thread_blocked, id=1157548, stack(0x0000000013ed0000,0x0000000013fd0000)]
  0x0000000002924800 JavaThread "main" [_thread_in_Java, id=1157420, stack(0x0000000002720000,0x0000000002820000)]

Other Threads:
  0x0000000012d46000 VMThread [stack: 0x0000000013dd0000,0x0000000013ed0000] [id=1158000]
  0x0000000012ddd000 WatcherThread [stack: 0x0000000014bc0000,0x0000000014cc0000] [id=1156276]

VM state:not at safepoint (normal execution)

VM Mutex/Monitor currently owned by a thread: None

Heap:
 PSYoungGen      total 18944K, used 6110K [0x00000000feb00000, 0x0000000100000000, 0x0000000100000000)
  eden space 16384K, 21% used [0x00000000feb00000,0x00000000fee77ca8,0x00000000ffb00000)
  from space 2560K, 99% used [0x00000000ffd80000,0x00000000fffffc40,0x0000000100000000)
  to   space 2560K, 0% used [0x00000000ffb00000,0x00000000ffb00000,0x00000000ffd80000)
 ParOldGen       total 44032K, used 4802K [0x00000000fc000000, 0x00000000feb00000, 0x00000000feb00000)
  object space 44032K, 10% used [0x00000000fc000000,0x00000000fc4b08b0,0x00000000feb00000)
 Metaspace       used 7550K, capacity 7708K, committed 7936K, reserved 1056768K
  class space    used 873K, capacity 956K, committed 1024K, reserved 1048576K

Card table byte_map: [0x00000000026d0000,0x0000000002700000] byte_map_base: 0x0000000001ef0000

Marking Bits: (ParMarkBitMap*) 0x00000000661c3950
 Begin Bits: [0x00000000121e0000, 0x00000000122e0000)
 End Bits:   [0x00000000122e0000, 0x00000000123e0000)

Polling page: 0x0000000000df0000

CodeCache: size=245760Kb used=3577Kb max_used=3577Kb free=242182Kb
 bounds [0x0000000002a20000, 0x0000000002db0000, 0x0000000011a20000]
 total_blobs=1251 nmethods=920 adapters=245
 compilation: enabled

Compilation events (10 events):
Event: 1.724 Thread 0x00000000145c8800 nmethod 916 0x0000000002d8c590 code [0x0000000002d8c6e0, 0x0000000002d8c830]
Event: 1.724 Thread 0x00000000145c8800  917       3       org.objectweb.asm.ClassReader::<init> (257 bytes)
Event: 1.724 Thread 0x00000000145c8800 nmethod 917 0x0000000002d96a10 code [0x0000000002d96be0, 0x0000000002d97588]
Event: 1.728 Thread 0x00000000145c8800  920       3       com.google.devtools.build.android.desugar.Java7Compatibility::visitInnerClass (19 bytes)
Event: 1.728 Thread 0x00000000145c8800 nmethod 920 0x0000000002d96350 code [0x0000000002d964e0, 0x0000000002d968b8]
Event: 1.728 Thread 0x00000000145c8800  921       3       org.objectweb.asm.ClassWriter::visitInnerClass (118 bytes)
Event: 1.728 Thread 0x00000000145c8800 nmethod 921 0x0000000002d98c10 code [0x0000000002d98e00, 0x0000000002d99568]
Event: 1.728 Thread 0x00000000145c8800  922       1       java.nio.Buffer::capacity (5 bytes)
Event: 1.728 Thread 0x00000000145c8800 nmethod 922 0x0000000002d96090 code [0x0000000002d961e0, 0x0000000002d962f0]
Event: 1.729 Thread 0x00000000145c8800  923       3       org.objectweb.asm.ClassWriter::toByteArray (1282 bytes)

GC Heap History (4 events):
Event: 0.904 GC heap before
{Heap before GC invocations=1 (full 0):
 PSYoungGen      total 18944K, used 16384K [0x00000000feb00000, 0x0000000100000000, 0x0000000100000000)
  eden space 16384K, 100% used [0x00000000feb00000,0x00000000ffb00000,0x00000000ffb00000)
  from space 2560K, 0% used [0x00000000ffd80000,0x00000000ffd80000,0x0000000100000000)
  to   space 2560K, 0% used [0x00000000ffb00000,0x00000000ffb00000,0x00000000ffd80000)
 ParOldGen       total 44032K, used 0K [0x00000000fc000000, 0x00000000feb00000, 0x00000000feb00000)
  object space 44032K, 0% used [0x00000000fc000000,0x00000000fc000000,0x00000000feb00000)
 Metaspace       used 6491K, capacity 6670K, committed 6784K, reserved 1056768K
  class space    used 768K, capacity 823K, committed 896K, reserved 1048576K
Event: 0.921 GC heap after
Heap after GC invocations=1 (full 0):
 PSYoungGen      total 18944K, used 2528K [0x00000000feb00000, 0x0000000100000000, 0x0000000100000000)
  eden space 16384K, 0% used [0x00000000feb00000,0x00000000feb00000,0x00000000ffb00000)
  from space 2560K, 98% used [0x00000000ffb00000,0x00000000ffd78030,0x00000000ffd80000)
  to   space 2560K, 0% used [0x00000000ffd80000,0x00000000ffd80000,0x0000000100000000)
 ParOldGen       total 44032K, used 1728K [0x00000000fc000000, 0x00000000feb00000, 0x00000000feb00000)
  object space 44032K, 3% used [0x00000000fc000000,0x00000000fc1b01e0,0x00000000feb00000)
 Metaspace       used 6491K, capacity 6670K, committed 6784K, reserved 1056768K
  class space    used 768K, capacity 823K, committed 896K, reserved 1048576K
}
Event: 1.617 GC heap before
{Heap before GC invocations=2 (full 0):
 PSYoungGen      total 18944K, used 18912K [0x00000000feb00000, 0x0000000100000000, 0x0000000100000000)
  eden space 16384K, 100% used [0x00000000feb00000,0x00000000ffb00000,0x00000000ffb00000)
  from space 2560K, 98% used [0x00000000ffb00000,0x00000000ffd78030,0x00000000ffd80000)
  to   space 2560K, 0% used [0x00000000ffd80000,0x00000000ffd80000,0x0000000100000000)
 ParOldGen       total 44032K, used 1728K [0x00000000fc000000, 0x00000000feb00000, 0x00000000feb00000)
  object space 44032K, 3% used [0x00000000fc000000,0x00000000fc1b01e0,0x00000000feb00000)
 Metaspace       used 7535K, capacity 7708K, committed 7936K, reserved 1056768K
  class space    used 873K, capacity 956K, committed 1024K, reserved 1048576K
Event: 1.718 GC heap after
Heap after GC invocations=2 (full 0):
 PSYoungGen      total 18944K, used 2559K [0x00000000feb00000, 0x0000000100000000, 0x0000000100000000)
  eden space 16384K, 0% used [0x00000000feb00000,0x00000000feb00000,0x00000000ffb00000)
  from space 2560K, 99% used [0x00000000ffd80000,0x00000000fffffc40,0x0000000100000000)
  to   space 2560K, 0% used [0x00000000ffb00000,0x00000000ffb00000,0x00000000ffd80000)
 ParOldGen       total 44032K, used 4802K [0x00000000fc000000, 0x00000000feb00000, 0x00000000feb00000)
  object space 44032K, 10% used [0x00000000fc000000,0x00000000fc4b08b0,0x00000000feb00000)
 Metaspace       used 7535K, capacity 7708K, committed 7936K, reserved 1056768K
  class space    used 873K, capacity 956K, committed 1024K, reserved 1048576K
}

Deoptimization events (10 events):
Event: 0.880 Thread 0x0000000002924800 Uncommon trap: reason=unstable_if action=reinterpret pc=0x0000000002c36328 method=java.util.zip.ZipCoder.decoder()Ljava/nio/charset/CharsetDecoder; @ 4
Event: 0.880 Thread 0x0000000002924800 Uncommon trap: reason=unstable_if action=reinterpret pc=0x0000000002c27058 method=java.util.zip.ZipEntry.setExtra0([BZ)V @ 1
Event: 0.886 Thread 0x0000000002924800 Uncommon trap: reason=unstable_if action=reinterpret pc=0x0000000002c38cfc method=java.util.zip.ZipCoder.decoder()Ljava/nio/charset/CharsetDecoder; @ 4
Event: 0.893 Thread 0x0000000002924800 Uncommon trap: reason=unstable_if action=reinterpret pc=0x0000000002c3b3cc method=java.util.zip.ZipCoder.decoder()Ljava/nio/charset/CharsetDecoder; @ 4
Event: 0.942 Thread 0x0000000002924800 Uncommon trap: reason=unstable_if action=reinterpret pc=0x0000000002c3d88c method=java.util.zip.ZipCoder.decoder()Ljava/nio/charset/CharsetDecoder; @ 4
Event: 0.944 Thread 0x0000000002924800 Uncommon trap: reason=unstable_if action=reinterpret pc=0x0000000002c2f0e0 method=java.util.zip.ZipCoder.decoder()Ljava/nio/charset/CharsetDecoder; @ 4
Event: 0.944 Thread 0x0000000002924800 Uncommon trap: reason=unstable_if action=reinterpret pc=0x0000000002c2d770 method=java.util.zip.ZipCoder.decoder()Ljava/nio/charset/CharsetDecoder; @ 4
Event: 1.046 Thread 0x0000000002924800 Uncommon trap: reason=unloaded action=reinterpret pc=0x0000000002c403bc method=java.util.zip.ZipEntry.setExtra0([BZ)V @ 37
Event: 1.204 Thread 0x0000000002924800 Uncommon trap: reason=unstable_if action=reinterpret pc=0x0000000002c0fbb0 method=java.lang.String.<init>([CII)V @ 18
Event: 1.316 Thread 0x0000000002924800 Uncommon trap: reason=unstable_if action=reinterpret pc=0x0000000002d3ad38 method=org.objectweb.asm.MethodWriter.visitVarInsn(II)V @ 142

Classes redefined (0 events):
No events

Internal exceptions (10 events):
Event: 0.967 Thread 0x0000000002924800 Exception <a 'sun/nio/fs/WindowsException'> (0x00000000ff0fbea8) thrown at [D:\src\AOSP-openjdk-cygwin\jdk8u\hotspot\src\share\vm\prims\jni.cpp, line 709]
Event: 0.967 Thread 0x0000000002924800 Exception <a 'sun/nio/fs/WindowsException'> (0x00000000ff0fc488) thrown at [D:\src\AOSP-openjdk-cygwin\jdk8u\hotspot\src\share\vm\prims\jni.cpp, line 709]
Event: 0.967 Thread 0x0000000002924800 Exception <a 'sun/nio/fs/WindowsException'> (0x00000000ff0fcc58) thrown at [D:\src\AOSP-openjdk-cygwin\jdk8u\hotspot\src\share\vm\prims\jni.cpp, line 709]
Event: 0.967 Thread 0x0000000002924800 Exception <a 'sun/nio/fs/WindowsException'> (0x00000000ff0fd210) thrown at [D:\src\AOSP-openjdk-cygwin\jdk8u\hotspot\src\share\vm\prims\jni.cpp, line 709]
Event: 0.967 Thread 0x0000000002924800 Exception <a 'sun/nio/fs/WindowsException'> (0x00000000ff0fd9d0) thrown at [D:\src\AOSP-openjdk-cygwin\jdk8u\hotspot\src\share\vm\prims\jni.cpp, line 709]
Event: 0.974 Thread 0x0000000002924800 Exception <a 'sun/nio/fs/WindowsException'> (0x00000000ff102de0) thrown at [D:\src\AOSP-openjdk-cygwin\jdk8u\hotspot\src\share\vm\prims\jni.cpp, line 709]
Event: 1.059 Thread 0x0000000002924800 Exception <a 'sun/nio/fs/WindowsException'> (0x00000000ff363b30) thrown at [D:\src\AOSP-openjdk-cygwin\jdk8u\hotspot\src\share\vm\prims\jni.cpp, line 709]
Event: 1.059 Thread 0x0000000002924800 Exception <a 'sun/nio/fs/WindowsException'> (0x00000000ff364058) thrown at [D:\src\AOSP-openjdk-cygwin\jdk8u\hotspot\src\share\vm\prims\jni.cpp, line 709]
Event: 1.202 Thread 0x0000000002924800 Exception <a 'sun/nio/fs/WindowsException'> (0x00000000ff4f9770) thrown at [D:\src\AOSP-openjdk-cygwin\jdk8u\hotspot\src\share\vm\prims\jni.cpp, line 709]
Event: 1.202 Thread 0x0000000002924800 Exception <a 'sun/nio/fs/WindowsException'> (0x00000000ff4f9c98) thrown at [D:\src\AOSP-openjdk-cygwin\jdk8u\hotspot\src\share\vm\prims\jni.cpp, line 709]

Events (10 events):
Event: 1.204 Thread 0x0000000002924800 DEOPT UNPACKING pc=0x0000000002a6556a sp=0x000000000281f028 mode 2
Event: 1.206 loading class org/objectweb/asm/tree/TryCatchBlockNode
Event: 1.206 loading class org/objectweb/asm/tree/TryCatchBlockNode done
Event: 1.206 loading class org/objectweb/asm/Handler
Event: 1.206 loading class org/objectweb/asm/Handler done
Event: 1.316 Thread 0x0000000002924800 Uncommon trap: trap_request=0xffffff65 fr.pc=0x0000000002d3ad38
Event: 1.316 Thread 0x0000000002924800 DEOPT PACKING pc=0x0000000002d3ad38 sp=0x000000000281ef30
Event: 1.316 Thread 0x0000000002924800 DEOPT UNPACKING pc=0x0000000002a6556a sp=0x000000000281ee78 mode 2
Event: 1.617 Executing VM operation: ParallelGCFailedAllocation
Event: 1.718 Executing VM operation: ParallelGCFailedAllocation done


Dynamic libraries:
0x00007ff756ef0000 - 0x00007ff756f21000 	C:\Program Files\Android\Android Studio\jre\bin\java.exe
0x00007ff89f790000 - 0x00007ff89f96b000 	C:\WINDOWS\SYSTEM32\ntdll.dll
0x00007ff89d870000 - 0x00007ff89d91e000 	C:\WINDOWS\System32\KERNEL32.DLL
0x00007ff89c560000 - 0x00007ff89c7a9000 	C:\WINDOWS\System32\KERNELBASE.dll
0x00007ff89d4d0000 - 0x00007ff89d571000 	C:\WINDOWS\System32\ADVAPI32.dll
0x00007ff89cd70000 - 0x00007ff89ce0d000 	C:\WINDOWS\System32\msvcrt.dll
0x00007ff89ce70000 - 0x00007ff89cec9000 	C:\WINDOWS\System32\sechost.dll
0x00007ff89ced0000 - 0x00007ff89cff5000 	C:\WINDOWS\System32\RPCRT4.dll
0x00007ff89f290000 - 0x00007ff89f3da000 	C:\WINDOWS\System32\USER32.dll
0x00007ff89c3b0000 - 0x00007ff89c3ce000 	C:\WINDOWS\System32\win32u.dll
0x00007ff89d840000 - 0x00007ff89d867000 	C:\WINDOWS\System32\GDI32.dll
0x00007ff89c3d0000 - 0x00007ff89c557000 	C:\WINDOWS\System32\gdi32full.dll
0x00007ff89caa0000 - 0x00007ff89cb3a000 	C:\WINDOWS\System32\msvcp_win.dll
0x00007ff89cb40000 - 0x00007ff89cc36000 	C:\WINDOWS\System32\ucrtbase.dll
0x00007ff88ac80000 - 0x00007ff88aee7000 	C:\WINDOWS\WinSxS\amd64_microsoft.windows.common-controls_6595b64144ccf1df_6.0.15063.483_none_26002d27e7c744a2\COMCTL32.dll
0x00007ff89f480000 - 0x00007ff89f779000 	C:\WINDOWS\System32\combase.dll
0x00007ff89c7b0000 - 0x00007ff89c81a000 	C:\WINDOWS\System32\bcryptPrimitives.dll
0x00007ff89d310000 - 0x00007ff89d33d000 	C:\WINDOWS\System32\IMM32.DLL
0x000000006a5e0000 - 0x000000006a6b2000 	C:\Program Files\Android\Android Studio\jre\jre\bin\msvcr100.dll
0x0000000065a00000 - 0x000000006623e000 	C:\Program Files\Android\Android Studio\jre\jre\bin\server\jvm.dll
0x00007ff89f780000 - 0x00007ff89f788000 	C:\WINDOWS\System32\PSAPI.DLL
0x00007ff89b640000 - 0x00007ff89b649000 	C:\WINDOWS\SYSTEM32\WSOCK32.dll
0x00007ff89f220000 - 0x00007ff89f28c000 	C:\WINDOWS\System32\WS2_32.dll
0x00007ff895050000 - 0x00007ff895073000 	C:\WINDOWS\SYSTEM32\WINMM.dll
0x00007ff89a0e0000 - 0x00007ff89a0ea000 	C:\WINDOWS\SYSTEM32\VERSION.dll
0x00007ff894ff0000 - 0x00007ff89501b000 	C:\WINDOWS\SYSTEM32\WINMMBASE.dll
0x00007ff89c9f0000 - 0x00007ff89ca39000 	C:\WINDOWS\System32\cfgmgr32.dll
0x00007ff899710000 - 0x00007ff89971f000 	C:\Program Files\Android\Android Studio\jre\jre\bin\verify.dll
0x00007ff894ad0000 - 0x00007ff894af9000 	C:\Program Files\Android\Android Studio\jre\jre\bin\java.dll
0x00007ff896920000 - 0x00007ff896936000 	C:\Program Files\Android\Android Studio\jre\jre\bin\zip.dll
0x00007ff89dde0000 - 0x00007ff89f217000 	C:\WINDOWS\System32\SHELL32.dll
0x00007ff89d0c0000 - 0x00007ff89d16a000 	C:\WINDOWS\System32\shcore.dll
0x00007ff89bcb0000 - 0x00007ff89c3a1000 	C:\WINDOWS\System32\windows.storage.dll
0x00007ff89d7e0000 - 0x00007ff89d831000 	C:\WINDOWS\System32\shlwapi.dll
0x00007ff89bc70000 - 0x00007ff89bc81000 	C:\WINDOWS\System32\kernel.appcore.dll
0x00007ff89bc20000 - 0x00007ff89bc6c000 	C:\WINDOWS\System32\powrprof.dll
0x00007ff89bc00000 - 0x00007ff89bc15000 	C:\WINDOWS\System32\profapi.dll
0x00007ff89b5d0000 - 0x00007ff89b5e7000 	C:\WINDOWS\SYSTEM32\CRYPTSP.dll
0x00007ff89ae00000 - 0x00007ff89ae34000 	C:\WINDOWS\system32\rsaenh.dll
0x00007ff89b5a0000 - 0x00007ff89b5c5000 	C:\WINDOWS\SYSTEM32\bcrypt.dll
0x00007ff89bb30000 - 0x00007ff89bb59000 	C:\WINDOWS\SYSTEM32\USERENV.dll
0x00007ff89b380000 - 0x00007ff89b38b000 	C:\WINDOWS\SYSTEM32\CRYPTBASE.dll
0x00007ff894bc0000 - 0x00007ff894bda000 	C:\Program Files\Android\Android Studio\jre\jre\bin\net.dll
0x00007ff89b1e0000 - 0x00007ff89b23c000 	C:\WINDOWS\system32\mswsock.dll
0x00007ff89af80000 - 0x00007ff89afb7000 	C:\WINDOWS\SYSTEM32\IPHLPAPI.DLL
0x00007ff89ddd0000 - 0x00007ff89ddd8000 	C:\WINDOWS\System32\NSI.dll
0x00007ff897950000 - 0x00007ff897966000 	C:\WINDOWS\SYSTEM32\dhcpcsvc6.DLL
0x00007ff897930000 - 0x00007ff89794a000 	C:\WINDOWS\SYSTEM32\dhcpcsvc.DLL
0x00007ff894190000 - 0x00007ff8941a1000 	C:\Program Files\Android\Android Studio\jre\jre\bin\nio.dll

VM Arguments:
jvm_args: -Djava.awt.headless=true -Xmx64M -Dfile.encoding=windows-1252 -Duser.country=US -Duser.language=en -Duser.variant 
java_command: com.google.devtools.build.android.desugar.Desugar --input E:\ProjectFiles\AndroidStudio\KloudAlc\KloudAlc\app\build\tmp\kapt3\classes\debug --output E:\ProjectFiles\AndroidStudio\KloudAlc\KloudAlc\app\build\intermediates\transforms\desugar\debug\2 --input E:\ProjectFiles\AndroidStudio\KloudAlc\KloudAlc\app\build\intermediates\transforms\stackFramesFixer\debug\19.jar --output E:\ProjectFiles\AndroidStudio\KloudAlc\KloudAlc\app\build\intermediates\transforms\desugar\debug\22.jar --input E:\ProjectFiles\AndroidStudio\KloudAlc\KloudAlc\app\build\intermediates\transforms\stackFramesFixer\debug\9.jar --output E:\ProjectFiles\AndroidStudio\KloudAlc\KloudAlc\app\build\intermediates\transforms\desugar\debug\12.jar --input E:\ProjectFiles\AndroidStudio\KloudAlc\KloudAlc\app\build\intermediates\transforms\stackFramesFixer\debug\7.jar --output E:\ProjectFiles\AndroidStudio\KloudAlc\KloudAlc\app\build\intermediates\transforms\desugar\debug\10.jar --input E:\ProjectFiles\AndroidStudio\KloudAlc\KloudAlc\app\build\intermediates\transforms\stackFramesFixer\debug\2.jar --output E:\ProjectFiles\AndroidStudio\KloudAlc\KloudAlc\app\build\intermediates\transforms\desugar\debug\5.jar --input E:\ProjectFiles\AndroidStudio\KloudAlc\KloudAlc\app\build\intermediates\transforms\stackFramesFixer\debug\1.jar --output E:\ProjectFiles\AndroidStudio\KloudAlc\KloudAlc\app\build\intermediates\transforms\desugar\debug\4.jar --classpath_entry E:\ProjectFiles\AndroidStudio\KloudAlc\KloudAlc\app\build\intermediates\classes\debug --classpath_entry E:\ProjectFiles\AndroidStudio\KloudAlc\KloudAlc\app\build\tmp\kotlin-classes\debug --classpath_entry E:\ProjectFiles\AndroidStudio\KloudAlc\KloudAlc\app\build\tmp\kapt3\classes\debug --classpath_entry E:\ProjectFiles\AndroidStudio\KloudAlc\KloudAlc\app\build\intermediates\transforms\stackFramesFixer\debug\0.jar --classpath_entry E:\ProjectFiles\AndroidStudio\KloudAlc\KloudAlc\app\build\intermediates\transforms\stackFramesFixer\debug\1.jar --class
java_class_path (initial): C:\Users\Tiitus\AppData\Local\Temp\desugar_deploy.jar6900727583709418673
Launcher Type: SUN_STANDARD

Environment Variables:
CLASSPATH=.;C:\Program Files (x86)\Java\jre1.8.0_65\lib\ext\QTJava.zip
PATH=C:\Python27\;C:\Python27\Scripts;c:\programdata\oracle\java\javapath;c:\windows\system32;c:\windows;c:\windows\system32\wbem;c:\windows\system32\windowspowershell\v1.0\;c:\program files (x86)\livestreamer;c:\program files\common files\autodesk shared\;c:\program files (x86)\autodesk\backburner\;c:\program files\next limit\rfconnect 2015 for maya;c:\program files (x86)\quicktime\qtsystem\;c:\windows\system32;c:\windows;c:\windows\system32\wbem;c:\windows\system32\windowspowershell\v1.0\;d:\git\cmd;c:\program files (x86)\streamlink\bin;c:\programdata\chocolatey\bin;C:\Program Files (x86)\Calibre2\;C:\Users\Tiitus\AppData\Local\Streamlink\bin;C:\Program Files\FileBot\;C:\Users\Tiitus\AppData\Local\Programs\Python\Python36-32\Scripts\;C:\Users\Tiitus\AppData\Local\Programs\Python\Python36-32\;C:\Users\Tiitus\AppData\Local\Microsoft\WindowsApps;C:\Users\Tiitus\AppData\Local\.meteor\;C:\Users\Tiitus\AppData\Local\GitHubDesktop\bin
USERNAME=Tiitus
OS=Windows_NT
PROCESSOR_IDENTIFIER=Intel64 Family 6 Model 58 Stepping 9, GenuineIntel



---------------  S Y S T E M  ---------------

OS: Windows 10.0 , 64 bit Build 15063 (10.0.15063.296)

CPU:total 4 (initial active 4) (4 cores per cpu, 1 threads per core) family 6 model 58 stepping 9, cmov, cx8, fxsr, mmx, sse, sse2, sse3, ssse3, sse4.1, sse4.2, popcnt, avx, aes, clmul, erms, tsc, tscinvbit, tscinv

Memory: 4k page, physical 16661448k(886556k free), swap 21781448k(7148k free)

vm_info: OpenJDK 64-Bit Server VM (25.152-b01) for windows-amd64 JRE (1.8.0_152-release-915-b01), built by "builder" with MS VC++ 10.0 (VS2010)

time: Thu Jan 25 18:12:33 2018
elapsed time: 1 seconds (0d 0h 0m 1s)

