#
# There is insufficient memory for the Java Runtime Environment to continue.
# Native memory allocation (malloc) failed to allocate 1048576 bytes for AllocateHeap
# Possible reasons:
#   The system is out of physical RAM or swap space
#   In 32 bit mode, the process size limit was hit
# Possible solutions:
#   Reduce memory load on the system
#   Increase physical memory or swap space
#   Check if swap backing store is full
#   Use 64 bit Java on a 64 bit OS
#   Decrease Java heap size (-Xmx/-Xms)
#   Decrease number of Java threads
#   Decrease Java thread stack sizes (-Xss)
#   Set larger code cache with -XX:ReservedCodeCacheSize=
# This output file may be truncated or incomplete.
#
#  Out of Memory Error (memory/allocation.inline.hpp:61), pid=1087056, tid=0x00000000001096f0
#
# JRE version:  (8.0_152-b01) (build )
# Java VM: OpenJDK 64-Bit Server VM (25.152-b01 mixed mode windows-amd64 compressed oops)
# Failed to write core dump. Minidumps are not enabled by default on client versions of Windows
#

---------------  T H R E A D  ---------------

Current thread (0x0000000002d34800):  JavaThread "Unknown thread" [_thread_in_vm, id=1087216, stack(0x0000000002b30000,0x0000000002c30000)]

Stack: [0x0000000002b30000,0x0000000002c30000]
[error occurred during error reporting (printing stack bounds), id 0xc0000005]

Native frames: (J=compiled Java code, j=interpreted, Vv=VM code, C=native code)


---------------  P R O C E S S  ---------------

Java Threads: ( => current thread )

Other Threads:

=>0x0000000002d34800 (exited) JavaThread "Unknown thread" [_thread_in_vm, id=1087216, stack(0x0000000002b30000,0x0000000002c30000)]

VM state:not at safepoint (normal execution)

VM Mutex/Monitor currently owned by a thread: None

Heap:
 PSYoungGen      total 18944K, used 327K [0x00000000feb00000, 0x0000000100000000, 0x0000000100000000)
  eden space 16384K, 2% used [0x00000000feb00000,0x00000000feb51ec8,0x00000000ffb00000)
  from space 2560K, 0% used [0x00000000ffd80000,0x00000000ffd80000,0x0000000100000000)
  to   space 2560K, 0% used [0x00000000ffb00000,0x00000000ffb00000,0x00000000ffd80000)
 ParOldGen       total 44032K, used 0K [0x00000000fc000000, 0x00000000feb00000, 0x00000000feb00000)
  object space 44032K, 0% used [0x00000000fc000000,0x00000000fc000000,0x00000000feb00000)
 Metaspace       used 772K, capacity 4480K, committed 4480K, reserved 1056768K
  class space    used 73K, capacity 384K, committed 384K, reserved 1048576K

Card table byte_map: [0x00000000012d0000,0x0000000001300000] byte_map_base: 0x0000000000af0000

Marking Bits: (ParMarkBitMap*) 0x0000000052563950
 Begin Bits: [0x00000000125f0000, 0x00000000126f0000)
 End Bits:   [0x00000000126f0000, 0x00000000127f0000)

Polling page: 0x0000000000eb0000

CodeCache: size=245760Kb used=328Kb max_used=328Kb free=245431Kb
 bounds [0x0000000002e30000, 0x00000000030a0000, 0x0000000011e30000]
 total_blobs=57 nmethods=0 adapters=38
 compilation: enabled

Compilation events (0 events):
No events

GC Heap History (0 events):
No events

Deoptimization events (0 events):
No events

Classes redefined (0 events):
No events

Internal exceptions (0 events):
No events

Events (10 events):
Event: 0.023 loading class java/lang/Short
Event: 0.023 loading class java/lang/Short done
Event: 0.023 loading class java/lang/Integer
Event: 0.023 loading class java/lang/Integer done
Event: 0.023 loading class java/lang/Long
Event: 0.023 loading class java/lang/Long done
Event: 0.023 loading class java/lang/NullPointerException
Event: 0.023 loading class java/lang/NullPointerException done
Event: 0.023 loading class java/lang/ArithmeticException
Event: 0.023 loading class java/lang/ArithmeticException done


Dynamic libraries:
0x00007ff7b1680000 - 0x00007ff7b16b1000 	C:\Program Files\Android\Android Studio\jre\bin\java.exe
0x00007fff023f0000 - 0x00007fff025cb000 	C:\WINDOWS\SYSTEM32\ntdll.dll
0x00007fff01420000 - 0x00007fff014ce000 	C:\WINDOWS\System32\KERNEL32.DLL
0x00007ffefe910000 - 0x00007ffefeb59000 	C:\WINDOWS\System32\KERNELBASE.dll
0x00007fff01620000 - 0x00007fff016c1000 	C:\WINDOWS\System32\ADVAPI32.dll
0x00007fff016d0000 - 0x00007fff0176d000 	C:\WINDOWS\System32\msvcrt.dll
0x00007fff021f0000 - 0x00007fff02249000 	C:\WINDOWS\System32\sechost.dll
0x00007fff00e00000 - 0x00007fff00f25000 	C:\WINDOWS\System32\RPCRT4.dll
0x00007fff01000000 - 0x00007fff0114a000 	C:\WINDOWS\System32\USER32.dll
0x00007ffeff930000 - 0x00007ffeff94e000 	C:\WINDOWS\System32\win32u.dll
0x00007fff01340000 - 0x00007fff01367000 	C:\WINDOWS\System32\GDI32.dll
0x00007ffefeea0000 - 0x00007ffeff027000 	C:\WINDOWS\System32\gdi32full.dll
0x00007ffeff890000 - 0x00007ffeff92a000 	C:\WINDOWS\System32\msvcp_win.dll
0x00007ffeff030000 - 0x00007ffeff126000 	C:\WINDOWS\System32\ucrtbase.dll
0x00007ffef2050000 - 0x00007ffef22b7000 	C:\WINDOWS\WinSxS\amd64_microsoft.windows.common-controls_6595b64144ccf1df_6.0.15063.483_none_26002d27e7c744a2\COMCTL32.dll
0x00007fff017d0000 - 0x00007fff01ac9000 	C:\WINDOWS\System32\combase.dll
0x00007ffefec10000 - 0x00007ffefec7a000 	C:\WINDOWS\System32\bcryptPrimitives.dll
0x00007fff00fd0000 - 0x00007fff00ffd000 	C:\WINDOWS\System32\IMM32.DLL
0x0000000051cc0000 - 0x0000000051d92000 	C:\Program Files\Android\Android Studio\jre\jre\bin\msvcr100.dll
0x0000000051da0000 - 0x00000000525de000 	C:\Program Files\Android\Android Studio\jre\jre\bin\server\jvm.dll
0x00007fff01320000 - 0x00007fff01328000 	C:\WINDOWS\System32\PSAPI.DLL
0x00007ffef9960000 - 0x00007ffef9969000 	C:\WINDOWS\SYSTEM32\WSOCK32.dll
0x00007ffeff950000 - 0x00007ffeff9bc000 	C:\WINDOWS\System32\WS2_32.dll
0x00007ffef7ed0000 - 0x00007ffef7ef3000 	C:\WINDOWS\SYSTEM32\WINMM.dll
0x00007ffef9560000 - 0x00007ffef956a000 	C:\WINDOWS\SYSTEM32\VERSION.dll
0x00007ffef7e70000 - 0x00007ffef7e9b000 	C:\WINDOWS\SYSTEM32\WINMMBASE.dll
0x00007ffefee50000 - 0x00007ffefee99000 	C:\WINDOWS\System32\cfgmgr32.dll
0x00007ffef9950000 - 0x00007ffef995f000 	C:\Program Files\Android\Android Studio\jre\jre\bin\verify.dll
0x00007ffef9920000 - 0x00007ffef9949000 	C:\Program Files\Android\Android Studio\jre\jre\bin\java.dll
0x00007ffef00b0000 - 0x00007ffef00c6000 	C:\Program Files\Android\Android Studio\jre\jre\bin\zip.dll

VM Arguments:
jvm_args: -Djava.awt.headless=true -Xmx64M -Dfile.encoding=windows-1252 -Duser.country=US -Duser.language=en -Duser.variant 
java_command: com.google.devtools.build.android.desugar.Desugar --input E:\ProjectFiles\AndroidStudio\KloudAlc\KloudAlc\app\build\intermediates\transforms\stackFramesFixer\debug\24.jar --output E:\ProjectFiles\AndroidStudio\KloudAlc\KloudAlc\app\build\intermediates\transforms\desugar\debug\27.jar --input E:\ProjectFiles\AndroidStudio\KloudAlc\KloudAlc\app\build\intermediates\transforms\stackFramesFixer\debug\22.jar --output E:\ProjectFiles\AndroidStudio\KloudAlc\KloudAlc\app\build\intermediates\transforms\desugar\debug\25.jar --input E:\ProjectFiles\AndroidStudio\KloudAlc\KloudAlc\app\build\intermediates\transforms\stackFramesFixer\debug\15.jar --output E:\ProjectFiles\AndroidStudio\KloudAlc\KloudAlc\app\build\intermediates\transforms\desugar\debug\18.jar --input E:\ProjectFiles\AndroidStudio\KloudAlc\KloudAlc\app\build\intermediates\transforms\stackFramesFixer\debug\23.jar --output E:\ProjectFiles\AndroidStudio\KloudAlc\KloudAlc\app\build\intermediates\transforms\desugar\debug\26.jar --input E:\ProjectFiles\AndroidStudio\KloudAlc\KloudAlc\app\build\intermediates\transforms\stackFramesFixer\debug\21.jar --output E:\ProjectFiles\AndroidStudio\KloudAlc\KloudAlc\app\build\intermediates\transforms\desugar\debug\24.jar --classpath_entry E:\ProjectFiles\AndroidStudio\KloudAlc\KloudAlc\app\build\intermediates\classes\debug --classpath_entry E:\ProjectFiles\AndroidStudio\KloudAlc\KloudAlc\app\build\tmp\kotlin-classes\debug --classpath_entry E:\ProjectFiles\AndroidStudio\KloudAlc\KloudAlc\app\build\tmp\kapt3\classes\debug --classpath_entry E:\ProjectFiles\AndroidStudio\KloudAlc\KloudAlc\app\build\intermediates\transforms\stackFramesFixer\debug\0.jar --classpath_entry E:\ProjectFiles\AndroidStudio\KloudAlc\KloudAlc\app\build\intermediates\transforms\stackFramesFixer\debug\2.jar --classpath_entry E:\ProjectFiles\AndroidStudio\KloudAlc\KloudAlc\app\build\intermediates\transforms\stackFramesFixer\debug\3.jar --classpath_entry E:\ProjectFiles\AndroidStudio\KloudAlc\KloudAlc\app
java_class_path (initial): C:\Users\Tiitus\AppData\Local\Temp\desugar_deploy.jar2671079108587817985
Launcher Type: SUN_STANDARD

Environment Variables:
CLASSPATH=.;C:\Program Files (x86)\Java\jre1.8.0_65\lib\ext\QTJava.zip
PATH=C:\Python27\;C:\Python27\Scripts;c:\programdata\oracle\java\javapath;c:\windows\system32;c:\windows;c:\windows\system32\wbem;c:\windows\system32\windowspowershell\v1.0\;c:\program files (x86)\livestreamer;c:\program files\common files\autodesk shared\;c:\program files (x86)\autodesk\backburner\;c:\program files\next limit\rfconnect 2015 for maya;c:\program files (x86)\quicktime\qtsystem\;c:\windows\system32;c:\windows;c:\windows\system32\wbem;c:\windows\system32\windowspowershell\v1.0\;d:\git\cmd;c:\program files (x86)\streamlink\bin;c:\programdata\chocolatey\bin;C:\Program Files (x86)\Calibre2\;C:\Users\Tiitus\AppData\Local\Streamlink\bin;C:\Users\Tiitus\AppData\Local\Programs\Python\Python36-32\Scripts\;C:\Users\Tiitus\AppData\Local\Programs\Python\Python36-32\;C:\Users\Tiitus\AppData\Local\Microsoft\WindowsApps;C:\Users\Tiitus\AppData\Local\.meteor\;C:\Users\Tiitus\AppData\Local\GitHubDesktop\bin
USERNAME=Tiitus
OS=Windows_NT
PROCESSOR_IDENTIFIER=Intel64 Family 6 Model 58 Stepping 9, GenuineIntel



---------------  S Y S T E M  ---------------

OS: Windows 10.0 , 64 bit Build 15063 (10.0.15063.296)

CPU:total 4 (initial active 4) (4 cores per cpu, 1 threads per core) family 6 model 58 stepping 9, cmov, cx8, fxsr, mmx, sse, sse2, sse3, ssse3, sse4.1, sse4.2, popcnt, avx, aes, clmul, erms, tsc, tscinvbit, tscinv

Memory: 4k page, physical 16661448k(953840k free), swap 21781448k(4920k free)

vm_info: OpenJDK 64-Bit Server VM (25.152-b01) for windows-amd64 JRE (1.8.0_152-release-915-b01), built by "builder" with MS VC++ 10.0 (VS2010)

time: Sun Jan 07 20:00:28 2018
elapsed time: 0 seconds (0d 0h 0m 0s)

